<?xml version="1.0" encoding="UTF-8" ?>
<testsuite failures="1" time="412.514" errors="0" skipped="5" tests="7" name="TestSuite">
  <properties>
    <property name="java.runtime.name" value="Java(TM) SE Runtime Environment"/>
    <property name="sun.boot.library.path" value="C:\Program Files\Java\jdk1.7.0_51\jre\bin"/>
    <property name="java.vm.version" value="24.51-b03"/>
    <property name="java.vm.vendor" value="Oracle Corporation"/>
    <property name="java.vendor.url" value="http://java.oracle.com/"/>
    <property name="path.separator" value=";"/>
    <property name="java.vm.name" value="Java HotSpot(TM) 64-Bit Server VM"/>
    <property name="file.encoding.pkg" value="sun.io"/>
    <property name="user.script" value=""/>
    <property name="user.country" value="US"/>
    <property name="sun.java.launcher" value="SUN_STANDARD"/>
    <property name="sun.os.patch.level" value=""/>
    <property name="java.vm.specification.name" value="Java Virtual Machine Specification"/>
    <property name="user.dir" value="C:\Users\ubasaja\workspace\trunk"/>
    <property name="java.runtime.version" value="1.7.0_51-b13"/>
    <property name="java.awt.graphicsenv" value="sun.awt.Win32GraphicsEnvironment"/>
    <property name="basedir" value="C:\Users\ubasaja\workspace\trunk"/>
    <property name="java.endorsed.dirs" value="C:\Program Files\Java\jdk1.7.0_51\jre\lib\endorsed"/>
    <property name="os.arch" value="amd64"/>
    <property name="surefire.real.class.path" value="C:\Users\ubasaja\AppData\Local\Temp\surefirebooter4337420700524739363.jar"/>
    <property name="java.io.tmpdir" value="C:\Users\ubasaja\AppData\Local\Temp\"/>
    <property name="line.separator" value="
"/>
    <property name="java.vm.specification.vendor" value="Oracle Corporation"/>
    <property name="user.variant" value=""/>
    <property name="os.name" value="Windows 8"/>
    <property name="sun.jnu.encoding" value="Cp1252"/>
    <property name="java.library.path" value="C:\Program Files\Java\jdk1.7.0_51\jre\bin;C:\WINDOWS\Sun\Java\bin;C:\WINDOWS\system32;C:\WINDOWS;C:\Program Files (x86)\Intel\iCLS Client\;C:\Program Files\Intel\iCLS Client\;C:\WINDOWS\system32;C:\WINDOWS;C:\WINDOWS\System32\Wbem;C:\WINDOWS\System32\WindowsPowerShell\v1.0\;C:\Program Files (x86)\Intel\OpenCL SDK\3.0\bin\x86;C:\Program Files (x86)\Intel\OpenCL SDK\3.0\bin\x64;C:\Program Files\Intel\Intel(R) Management Engine Components\DAL;C:\Program Files\Intel\Intel(R) Management Engine Components\IPT;C:\Program Files (x86)\Intel\Intel(R) Management Engine Components\DAL;C:\Program Files (x86)\Intel\Intel(R) Management Engine Components\IPT;C:\Program Files\Microsoft SQL Server\110\DTS\Binn\;C:\Program Files (x86)\Microsoft SQL Server\110\Tools\Binn\;C:\Program Files\Microsoft SQL Server\110\Tools\Binn\;C:\Program Files (x86)\Microsoft SQL Server\110\Tools\Binn\ManagementStudio\;C:\Program Files (x86)\Microsoft Visual Studio 10.0\Common7\IDE\PrivateAssemblies\;C:\Program Files (x86)\Microsoft SQL Server\110\DTS\Binn\;C:\selenium\Project\apache-ant-1.9.3\bin;C:\selenium\maven\apache-maven-3.1.1\bin;C:\Program Files (x86)\Google\Google Apps Migration\;."/>
    <property name="surefire.test.class.path" value="C:\Users\ubasaja\workspace\trunk\target\test-classes;C:\Users\ubasaja\workspace\trunk\target\classes;C:\Users\ubasaja\.m2\repository\com\sun\tools\btrace\btrace-agent\1.2\btrace-agent-1.2.jar;C:\Users\ubasaja\.m2\repository\org\seleniumhq\selenium\client-drivers\selenium-java-client-driver\1.0.2\selenium-java-client-driver-1.0.2.jar;C:\Users\ubasaja\.m2\repository\org\seleniumhq\selenium\selenium-server\2.39.0\selenium-server-2.39.0.jar;C:\Users\ubasaja\.m2\repository\org\bouncycastle\bcprov-jdk15on\1.48\bcprov-jdk15on-1.48.jar;C:\Users\ubasaja\.m2\repository\org\bouncycastle\bcpkix-jdk15on\1.48\bcpkix-jdk15on-1.48.jar;C:\Users\ubasaja\.m2\repository\mx4j\mx4j-tools\3.0.1\mx4j-tools-3.0.1.jar;C:\Users\ubasaja\.m2\repository\org\mortbay\jetty\servlet-api-2.5\6.1.9\servlet-api-2.5-6.1.9.jar;C:\Users\ubasaja\.m2\repository\org\seleniumhq\selenium\jetty-repacked\7.6.1\jetty-repacked-7.6.1.jar;C:\Users\ubasaja\.m2\repository\net\jcip\jcip-annotations\1.0\jcip-annotations-1.0.jar;C:\Users\ubasaja\.m2\repository\org\seleniumhq\selenium\selenium-java\2.39.0\selenium-java-2.39.0.jar;C:\Users\ubasaja\.m2\repository\org\seleniumhq\selenium\selenium-android-driver\2.39.0\selenium-android-driver-2.39.0.jar;C:\Users\ubasaja\.m2\repository\org\seleniumhq\selenium\selenium-remote-driver\2.39.0\selenium-remote-driver-2.39.0.jar;C:\Users\ubasaja\.m2\repository\cglib\cglib-nodep\2.1_3\cglib-nodep-2.1_3.jar;C:\Users\ubasaja\.m2\repository\org\json\json\20080701\json-20080701.jar;C:\Users\ubasaja\.m2\repository\com\google\guava\guava\15.0\guava-15.0.jar;C:\Users\ubasaja\.m2\repository\org\seleniumhq\selenium\selenium-chrome-driver\2.39.0\selenium-chrome-driver-2.39.0.jar;C:\Users\ubasaja\.m2\repository\org\seleniumhq\selenium\selenium-htmlunit-driver\2.39.0\selenium-htmlunit-driver-2.39.0.jar;C:\Users\ubasaja\.m2\repository\net\sourceforge\htmlunit\htmlunit\2.13\htmlunit-2.13.jar;C:\Users\ubasaja\.m2\repository\org\apache\commons\commons-lang3\3.1\commons-lang3-3.1.jar;C:\Users\ubasaja\.m2\repository\org\apache\httpcomponents\httpmime\4.3.1\httpmime-4.3.1.jar;C:\Users\ubasaja\.m2\repository\net\sourceforge\htmlunit\htmlunit-core-js\2.13\htmlunit-core-js-2.13.jar;C:\Users\ubasaja\.m2\repository\net\sourceforge\nekohtml\nekohtml\1.9.19\nekohtml-1.9.19.jar;C:\Users\ubasaja\.m2\repository\net\sourceforge\cssparser\cssparser\0.9.11\cssparser-0.9.11.jar;C:\Users\ubasaja\.m2\repository\org\w3c\css\sac\1.3\sac-1.3.jar;C:\Users\ubasaja\.m2\repository\org\eclipse\jetty\jetty-websocket\8.1.12.v20130726\jetty-websocket-8.1.12.v20130726.jar;C:\Users\ubasaja\.m2\repository\org\eclipse\jetty\jetty-util\8.1.12.v20130726\jetty-util-8.1.12.v20130726.jar;C:\Users\ubasaja\.m2\repository\org\eclipse\jetty\jetty-io\8.1.12.v20130726\jetty-io-8.1.12.v20130726.jar;C:\Users\ubasaja\.m2\repository\org\eclipse\jetty\jetty-http\8.1.12.v20130726\jetty-http-8.1.12.v20130726.jar;C:\Users\ubasaja\.m2\repository\org\apache\httpcomponents\httpclient\4.3.1\httpclient-4.3.1.jar;C:\Users\ubasaja\.m2\repository\org\apache\httpcomponents\httpcore\4.3\httpcore-4.3.jar;C:\Users\ubasaja\.m2\repository\org\seleniumhq\selenium\selenium-firefox-driver\2.39.0\selenium-firefox-driver-2.39.0.jar;C:\Users\ubasaja\.m2\repository\commons-io\commons-io\2.2\commons-io-2.2.jar;C:\Users\ubasaja\.m2\repository\org\apache\commons\commons-exec\1.1\commons-exec-1.1.jar;C:\Users\ubasaja\.m2\repository\org\seleniumhq\selenium\selenium-ie-driver\2.39.0\selenium-ie-driver-2.39.0.jar;C:\Users\ubasaja\.m2\repository\net\java\dev\jna\jna\3.4.0\jna-3.4.0.jar;C:\Users\ubasaja\.m2\repository\net\java\dev\jna\platform\3.4.0\platform-3.4.0.jar;C:\Users\ubasaja\.m2\repository\org\seleniumhq\selenium\selenium-iphone-driver\2.39.0\selenium-iphone-driver-2.39.0.jar;C:\Users\ubasaja\.m2\repository\org\seleniumhq\selenium\selenium-safari-driver\2.39.0\selenium-safari-driver-2.39.0.jar;C:\Users\ubasaja\.m2\repository\org\seleniumhq\selenium\selenium-support\2.39.0\selenium-support-2.39.0.jar;C:\Users\ubasaja\.m2\repository\org\seleniumhq\selenium\selenium-api\2.39.0\selenium-api-2.39.0.jar;C:\Users\ubasaja\.m2\repository\org\webbitserver\webbit\0.4.14\webbit-0.4.14.jar;C:\Users\ubasaja\.m2\repository\io\netty\netty\3.5.2.Final\netty-3.5.2.Final.jar;C:\Users\ubasaja\.m2\repository\org\yaml\snakeyaml\1.8\snakeyaml-1.8.jar;C:\Users\ubasaja\.m2\repository\commons-codec\commons-codec\1.8\commons-codec-1.8.jar;C:\Users\ubasaja\.m2\repository\org\testng\testng\6.4\testng-6.4.jar;C:\Users\ubasaja\.m2\repository\org\beanshell\bsh\2.0b4\bsh-2.0b4.jar;C:\Users\ubasaja\.m2\repository\com\beust\jcommander\1.12\jcommander-1.12.jar;C:\Users\ubasaja\.m2\repository\org\uncommons\reportng\1.1.2\reportng-1.1.2.jar;C:\Users\ubasaja\.m2\repository\velocity\velocity\1.4\velocity-1.4.jar;C:\Users\ubasaja\.m2\repository\velocity\velocity-dep\1.4\velocity-dep-1.4.jar;C:\Users\ubasaja\.m2\repository\com\google\inject\guice\3.0\guice-3.0.jar;C:\Users\ubasaja\.m2\repository\javax\inject\javax.inject\1\javax.inject-1.jar;C:\Users\ubasaja\.m2\repository\aopalliance\aopalliance\1.0\aopalliance-1.0.jar;C:\Users\ubasaja\.m2\repository\junit\junit\4.8.1\junit-4.8.1.jar;C:\Users\ubasaja\.m2\repository\org\springframework\spring-aop\3.0.3.RELEASE\spring-aop-3.0.3.RELEASE.jar;C:\Users\ubasaja\.m2\repository\org\springframework\spring-asm\3.0.3.RELEASE\spring-asm-3.0.3.RELEASE.jar;C:\Users\ubasaja\.m2\repository\org\springframework\spring-beans\3.0.3.RELEASE\spring-beans-3.0.3.RELEASE.jar;C:\Users\ubasaja\.m2\repository\org\springframework\spring-context\3.0.3.RELEASE\spring-context-3.0.3.RELEASE.jar;C:\Users\ubasaja\.m2\repository\org\springframework\spring-context-support\3.0.3.RELEASE\spring-context-support-3.0.3.RELEASE.jar;C:\Users\ubasaja\.m2\repository\org\springframework\spring-core\3.0.3.RELEASE\spring-core-3.0.3.RELEASE.jar;C:\Users\ubasaja\.m2\repository\org\springframework\spring-expression\3.0.3.RELEASE\spring-expression-3.0.3.RELEASE.jar;C:\Users\ubasaja\.m2\repository\org\springframework\spring-test\3.0.3.RELEASE\spring-test-3.0.3.RELEASE.jar;C:\Users\ubasaja\.m2\repository\org\springframework\spring-tx\3.0.3.RELEASE\spring-tx-3.0.3.RELEASE.jar;C:\Users\ubasaja\.m2\repository\org\springframework\osgi\spring-osgi-core\1.1.2\spring-osgi-core-1.1.2.jar;C:\Users\ubasaja\.m2\repository\org\springframework\osgi\spring-osgi-io\1.1.2\spring-osgi-io-1.1.2.jar;C:\Users\ubasaja\.m2\repository\org\apache\velocity\velocity\1.6.3\velocity-1.6.3.jar;C:\Users\ubasaja\.m2\repository\commons-lang\commons-lang\2.4\commons-lang-2.4.jar;C:\Users\ubasaja\.m2\repository\oro\oro\2.0.8\oro-2.0.8.jar;C:\Users\ubasaja\.m2\repository\commons-logging\commons-logging\1.1.1\commons-logging-1.1.1.jar;C:\Users\ubasaja\.m2\repository\log4j\log4j\1.2.14\log4j-1.2.14.jar;C:\Users\ubasaja\.m2\repository\org\apache\commons\commons-email\1.2\commons-email-1.2.jar;C:\Users\ubasaja\.m2\repository\javax\activation\activation\1.1\activation-1.1.jar;C:\Users\ubasaja\.m2\repository\org\htmlparser\htmlparser\2.1\htmlparser-2.1.jar;C:\Users\ubasaja\.m2\repository\org\htmlparser\htmllexer\2.1\htmllexer-2.1.jar;C:\Users\ubasaja\.m2\repository\org\easytesting\fest-swing-testng\1.2.1\fest-swing-testng-1.2.1.jar;C:\Users\ubasaja\.m2\repository\org\testng\testng\5.7\testng-5.7-jdk15.jar;C:\Users\ubasaja\.m2\repository\org\easytesting\fest-swing\1.2.1\fest-swing-1.2.1.jar;C:\Users\ubasaja\.m2\repository\org\easytesting\fest-assert\1.2\fest-assert-1.2.jar;C:\Users\ubasaja\.m2\repository\org\easytesting\fest-reflect\1.2\fest-reflect-1.2.jar;C:\Users\ubasaja\.m2\repository\org\easytesting\fest-util\1.1.3\fest-util-1.1.3.jar;C:\Users\ubasaja\.m2\repository\javax\mail\mail\1.4.5\mail-1.4.5.jar;C:\Users\ubasaja\.m2\repository\org\springframework\spring\2.5.6.SEC03\spring-2.5.6.SEC03.jar;C:\Users\ubasaja\.m2\repository\org\quartz-scheduler\quartz\2.1.3\quartz-2.1.3.jar;C:\Users\ubasaja\.m2\repository\c3p0\c3p0\0.9.1.1\c3p0-0.9.1.1.jar;C:\Users\ubasaja\.m2\repository\org\slf4j\slf4j-api\1.6.1\slf4j-api-1.6.1.jar;C:\Users\ubasaja\.m2\repository\org\slf4j\slf4j-simple\1.6.4\slf4j-simple-1.6.4.jar;C:\Users\ubasaja\.m2\repository\commons-collections\commons-collections\3.2.1\commons-collections-3.2.1.jar;C:\Users\ubasaja\.m2\repository\org\apache\poi\poi\3.9\poi-3.9.jar;C:\Users\ubasaja\.m2\repository\maven\dom4j\1.7-20060614\dom4j-1.7-20060614.jar;C:\Users\ubasaja\.m2\repository\jaxme\jaxme-api\0.3\jaxme-api-0.3.jar;C:\Users\ubasaja\.m2\repository\jaxen\jaxen\1.1-beta-8\jaxen-1.1-beta-8.jar;C:\Users\ubasaja\.m2\repository\dom4j\dom4j\1.6.1\dom4j-1.6.1.jar;C:\Users\ubasaja\.m2\repository\xml-apis\xml-apis\1.0.b2\xml-apis-1.0.b2.jar;C:\Users\ubasaja\.m2\repository\jdom\jdom\1.0\jdom-1.0.jar;C:\Users\ubasaja\.m2\repository\xerces\xmlParserAPIs\2.6.2\xmlParserAPIs-2.6.2.jar;C:\Users\ubasaja\.m2\repository\xerces\xercesImpl\2.6.2\xercesImpl-2.6.2.jar;C:\Users\ubasaja\.m2\repository\xom\xom\1.0b3\xom-1.0b3.jar;C:\Users\ubasaja\.m2\repository\com\ibm\icu\icu4j\2.6.1\icu4j-2.6.1.jar;C:\Users\ubasaja\.m2\repository\xalan\xalan\2.6.0\xalan-2.6.0.jar;C:\Users\ubasaja\.m2\repository\org\ccil\cowan\tagsoup\tagsoup\0.9.7\tagsoup-0.9.7.jar;C:\Users\ubasaja\.m2\repository\msv\xsdlib\20030807\xsdlib-20030807.jar;C:\Users\ubasaja\.m2\repository\msv\relaxngDatatype\20030807\relaxngDatatype-20030807.jar;C:\Users\ubasaja\.m2\repository\pull-parser\pull-parser\2.1.10\pull-parser-2.1.10.jar;C:\Users\ubasaja\.m2\repository\xpp3\xpp3\1.1.3.3\xpp3-1.1.3.3.jar;C:\Users\ubasaja\.m2\repository\stax\stax-api\1.0\stax-api-1.0.jar;C:\Users\ubasaja\.m2\repository\junitperf\junitperf\1.8\junitperf-1.8.jar;C:\Users\ubasaja\.m2\repository\net\sourceforge\jexcelapi\jxl\2.6.12\jxl-2.6.12.jar;C:\Users\ubasaja\.m2\repository\com\thoughtworks\xstream\xstream\1.2.2\xstream-1.2.2.jar;C:\Users\ubasaja\.m2\repository\xpp3\xpp3_min\1.1.3.4.O\xpp3_min-1.1.3.4.O.jar;"/>
    <property name="sun.awt.enableExtraMouseButtons" value="true"/>
    <property name="java.specification.name" value="Java Platform API Specification"/>
    <property name="java.class.version" value="51.0"/>
    <property name="sun.management.compiler" value="HotSpot 64-Bit Tiered Compilers"/>
    <property name="os.version" value="6.2"/>
    <property name="user.home" value="C:\Users\ubasaja"/>
    <property name="user.timezone" value="America/Los_Angeles"/>
    <property name="java.awt.printerjob" value="sun.awt.windows.WPrinterJob"/>
    <property name="java.specification.version" value="1.7"/>
    <property name="file.encoding" value="Cp1252"/>
    <property name="user.name" value="UBASAJA"/>
    <property name="java.class.path" value="C:\Users\ubasaja\workspace\trunk\target\test-classes;C:\Users\ubasaja\workspace\trunk\target\classes;C:\Users\ubasaja\.m2\repository\com\sun\tools\btrace\btrace-agent\1.2\btrace-agent-1.2.jar;C:\Users\ubasaja\.m2\repository\org\seleniumhq\selenium\client-drivers\selenium-java-client-driver\1.0.2\selenium-java-client-driver-1.0.2.jar;C:\Users\ubasaja\.m2\repository\org\seleniumhq\selenium\selenium-server\2.39.0\selenium-server-2.39.0.jar;C:\Users\ubasaja\.m2\repository\org\bouncycastle\bcprov-jdk15on\1.48\bcprov-jdk15on-1.48.jar;C:\Users\ubasaja\.m2\repository\org\bouncycastle\bcpkix-jdk15on\1.48\bcpkix-jdk15on-1.48.jar;C:\Users\ubasaja\.m2\repository\mx4j\mx4j-tools\3.0.1\mx4j-tools-3.0.1.jar;C:\Users\ubasaja\.m2\repository\org\mortbay\jetty\servlet-api-2.5\6.1.9\servlet-api-2.5-6.1.9.jar;C:\Users\ubasaja\.m2\repository\org\seleniumhq\selenium\jetty-repacked\7.6.1\jetty-repacked-7.6.1.jar;C:\Users\ubasaja\.m2\repository\net\jcip\jcip-annotations\1.0\jcip-annotations-1.0.jar;C:\Users\ubasaja\.m2\repository\org\seleniumhq\selenium\selenium-java\2.39.0\selenium-java-2.39.0.jar;C:\Users\ubasaja\.m2\repository\org\seleniumhq\selenium\selenium-android-driver\2.39.0\selenium-android-driver-2.39.0.jar;C:\Users\ubasaja\.m2\repository\org\seleniumhq\selenium\selenium-remote-driver\2.39.0\selenium-remote-driver-2.39.0.jar;C:\Users\ubasaja\.m2\repository\cglib\cglib-nodep\2.1_3\cglib-nodep-2.1_3.jar;C:\Users\ubasaja\.m2\repository\org\json\json\20080701\json-20080701.jar;C:\Users\ubasaja\.m2\repository\com\google\guava\guava\15.0\guava-15.0.jar;C:\Users\ubasaja\.m2\repository\org\seleniumhq\selenium\selenium-chrome-driver\2.39.0\selenium-chrome-driver-2.39.0.jar;C:\Users\ubasaja\.m2\repository\org\seleniumhq\selenium\selenium-htmlunit-driver\2.39.0\selenium-htmlunit-driver-2.39.0.jar;C:\Users\ubasaja\.m2\repository\net\sourceforge\htmlunit\htmlunit\2.13\htmlunit-2.13.jar;C:\Users\ubasaja\.m2\repository\org\apache\commons\commons-lang3\3.1\commons-lang3-3.1.jar;C:\Users\ubasaja\.m2\repository\org\apache\httpcomponents\httpmime\4.3.1\httpmime-4.3.1.jar;C:\Users\ubasaja\.m2\repository\net\sourceforge\htmlunit\htmlunit-core-js\2.13\htmlunit-core-js-2.13.jar;C:\Users\ubasaja\.m2\repository\net\sourceforge\nekohtml\nekohtml\1.9.19\nekohtml-1.9.19.jar;C:\Users\ubasaja\.m2\repository\net\sourceforge\cssparser\cssparser\0.9.11\cssparser-0.9.11.jar;C:\Users\ubasaja\.m2\repository\org\w3c\css\sac\1.3\sac-1.3.jar;C:\Users\ubasaja\.m2\repository\org\eclipse\jetty\jetty-websocket\8.1.12.v20130726\jetty-websocket-8.1.12.v20130726.jar;C:\Users\ubasaja\.m2\repository\org\eclipse\jetty\jetty-util\8.1.12.v20130726\jetty-util-8.1.12.v20130726.jar;C:\Users\ubasaja\.m2\repository\org\eclipse\jetty\jetty-io\8.1.12.v20130726\jetty-io-8.1.12.v20130726.jar;C:\Users\ubasaja\.m2\repository\org\eclipse\jetty\jetty-http\8.1.12.v20130726\jetty-http-8.1.12.v20130726.jar;C:\Users\ubasaja\.m2\repository\org\apache\httpcomponents\httpclient\4.3.1\httpclient-4.3.1.jar;C:\Users\ubasaja\.m2\repository\org\apache\httpcomponents\httpcore\4.3\httpcore-4.3.jar;C:\Users\ubasaja\.m2\repository\org\seleniumhq\selenium\selenium-firefox-driver\2.39.0\selenium-firefox-driver-2.39.0.jar;C:\Users\ubasaja\.m2\repository\commons-io\commons-io\2.2\commons-io-2.2.jar;C:\Users\ubasaja\.m2\repository\org\apache\commons\commons-exec\1.1\commons-exec-1.1.jar;C:\Users\ubasaja\.m2\repository\org\seleniumhq\selenium\selenium-ie-driver\2.39.0\selenium-ie-driver-2.39.0.jar;C:\Users\ubasaja\.m2\repository\net\java\dev\jna\jna\3.4.0\jna-3.4.0.jar;C:\Users\ubasaja\.m2\repository\net\java\dev\jna\platform\3.4.0\platform-3.4.0.jar;C:\Users\ubasaja\.m2\repository\org\seleniumhq\selenium\selenium-iphone-driver\2.39.0\selenium-iphone-driver-2.39.0.jar;C:\Users\ubasaja\.m2\repository\org\seleniumhq\selenium\selenium-safari-driver\2.39.0\selenium-safari-driver-2.39.0.jar;C:\Users\ubasaja\.m2\repository\org\seleniumhq\selenium\selenium-support\2.39.0\selenium-support-2.39.0.jar;C:\Users\ubasaja\.m2\repository\org\seleniumhq\selenium\selenium-api\2.39.0\selenium-api-2.39.0.jar;C:\Users\ubasaja\.m2\repository\org\webbitserver\webbit\0.4.14\webbit-0.4.14.jar;C:\Users\ubasaja\.m2\repository\io\netty\netty\3.5.2.Final\netty-3.5.2.Final.jar;C:\Users\ubasaja\.m2\repository\org\yaml\snakeyaml\1.8\snakeyaml-1.8.jar;C:\Users\ubasaja\.m2\repository\commons-codec\commons-codec\1.8\commons-codec-1.8.jar;C:\Users\ubasaja\.m2\repository\org\testng\testng\6.4\testng-6.4.jar;C:\Users\ubasaja\.m2\repository\org\beanshell\bsh\2.0b4\bsh-2.0b4.jar;C:\Users\ubasaja\.m2\repository\com\beust\jcommander\1.12\jcommander-1.12.jar;C:\Users\ubasaja\.m2\repository\org\uncommons\reportng\1.1.2\reportng-1.1.2.jar;C:\Users\ubasaja\.m2\repository\velocity\velocity\1.4\velocity-1.4.jar;C:\Users\ubasaja\.m2\repository\velocity\velocity-dep\1.4\velocity-dep-1.4.jar;C:\Users\ubasaja\.m2\repository\com\google\inject\guice\3.0\guice-3.0.jar;C:\Users\ubasaja\.m2\repository\javax\inject\javax.inject\1\javax.inject-1.jar;C:\Users\ubasaja\.m2\repository\aopalliance\aopalliance\1.0\aopalliance-1.0.jar;C:\Users\ubasaja\.m2\repository\junit\junit\4.8.1\junit-4.8.1.jar;C:\Users\ubasaja\.m2\repository\org\springframework\spring-aop\3.0.3.RELEASE\spring-aop-3.0.3.RELEASE.jar;C:\Users\ubasaja\.m2\repository\org\springframework\spring-asm\3.0.3.RELEASE\spring-asm-3.0.3.RELEASE.jar;C:\Users\ubasaja\.m2\repository\org\springframework\spring-beans\3.0.3.RELEASE\spring-beans-3.0.3.RELEASE.jar;C:\Users\ubasaja\.m2\repository\org\springframework\spring-context\3.0.3.RELEASE\spring-context-3.0.3.RELEASE.jar;C:\Users\ubasaja\.m2\repository\org\springframework\spring-context-support\3.0.3.RELEASE\spring-context-support-3.0.3.RELEASE.jar;C:\Users\ubasaja\.m2\repository\org\springframework\spring-core\3.0.3.RELEASE\spring-core-3.0.3.RELEASE.jar;C:\Users\ubasaja\.m2\repository\org\springframework\spring-expression\3.0.3.RELEASE\spring-expression-3.0.3.RELEASE.jar;C:\Users\ubasaja\.m2\repository\org\springframework\spring-test\3.0.3.RELEASE\spring-test-3.0.3.RELEASE.jar;C:\Users\ubasaja\.m2\repository\org\springframework\spring-tx\3.0.3.RELEASE\spring-tx-3.0.3.RELEASE.jar;C:\Users\ubasaja\.m2\repository\org\springframework\osgi\spring-osgi-core\1.1.2\spring-osgi-core-1.1.2.jar;C:\Users\ubasaja\.m2\repository\org\springframework\osgi\spring-osgi-io\1.1.2\spring-osgi-io-1.1.2.jar;C:\Users\ubasaja\.m2\repository\org\apache\velocity\velocity\1.6.3\velocity-1.6.3.jar;C:\Users\ubasaja\.m2\repository\commons-lang\commons-lang\2.4\commons-lang-2.4.jar;C:\Users\ubasaja\.m2\repository\oro\oro\2.0.8\oro-2.0.8.jar;C:\Users\ubasaja\.m2\repository\commons-logging\commons-logging\1.1.1\commons-logging-1.1.1.jar;C:\Users\ubasaja\.m2\repository\log4j\log4j\1.2.14\log4j-1.2.14.jar;C:\Users\ubasaja\.m2\repository\org\apache\commons\commons-email\1.2\commons-email-1.2.jar;C:\Users\ubasaja\.m2\repository\javax\activation\activation\1.1\activation-1.1.jar;C:\Users\ubasaja\.m2\repository\org\htmlparser\htmlparser\2.1\htmlparser-2.1.jar;C:\Users\ubasaja\.m2\repository\org\htmlparser\htmllexer\2.1\htmllexer-2.1.jar;C:\Users\ubasaja\.m2\repository\org\easytesting\fest-swing-testng\1.2.1\fest-swing-testng-1.2.1.jar;C:\Users\ubasaja\.m2\repository\org\testng\testng\5.7\testng-5.7-jdk15.jar;C:\Users\ubasaja\.m2\repository\org\easytesting\fest-swing\1.2.1\fest-swing-1.2.1.jar;C:\Users\ubasaja\.m2\repository\org\easytesting\fest-assert\1.2\fest-assert-1.2.jar;C:\Users\ubasaja\.m2\repository\org\easytesting\fest-reflect\1.2\fest-reflect-1.2.jar;C:\Users\ubasaja\.m2\repository\org\easytesting\fest-util\1.1.3\fest-util-1.1.3.jar;C:\Users\ubasaja\.m2\repository\javax\mail\mail\1.4.5\mail-1.4.5.jar;C:\Users\ubasaja\.m2\repository\org\springframework\spring\2.5.6.SEC03\spring-2.5.6.SEC03.jar;C:\Users\ubasaja\.m2\repository\org\quartz-scheduler\quartz\2.1.3\quartz-2.1.3.jar;C:\Users\ubasaja\.m2\repository\c3p0\c3p0\0.9.1.1\c3p0-0.9.1.1.jar;C:\Users\ubasaja\.m2\repository\org\slf4j\slf4j-api\1.6.1\slf4j-api-1.6.1.jar;C:\Users\ubasaja\.m2\repository\org\slf4j\slf4j-simple\1.6.4\slf4j-simple-1.6.4.jar;C:\Users\ubasaja\.m2\repository\commons-collections\commons-collections\3.2.1\commons-collections-3.2.1.jar;C:\Users\ubasaja\.m2\repository\org\apache\poi\poi\3.9\poi-3.9.jar;C:\Users\ubasaja\.m2\repository\maven\dom4j\1.7-20060614\dom4j-1.7-20060614.jar;C:\Users\ubasaja\.m2\repository\jaxme\jaxme-api\0.3\jaxme-api-0.3.jar;C:\Users\ubasaja\.m2\repository\jaxen\jaxen\1.1-beta-8\jaxen-1.1-beta-8.jar;C:\Users\ubasaja\.m2\repository\dom4j\dom4j\1.6.1\dom4j-1.6.1.jar;C:\Users\ubasaja\.m2\repository\xml-apis\xml-apis\1.0.b2\xml-apis-1.0.b2.jar;C:\Users\ubasaja\.m2\repository\jdom\jdom\1.0\jdom-1.0.jar;C:\Users\ubasaja\.m2\repository\xerces\xmlParserAPIs\2.6.2\xmlParserAPIs-2.6.2.jar;C:\Users\ubasaja\.m2\repository\xerces\xercesImpl\2.6.2\xercesImpl-2.6.2.jar;C:\Users\ubasaja\.m2\repository\xom\xom\1.0b3\xom-1.0b3.jar;C:\Users\ubasaja\.m2\repository\com\ibm\icu\icu4j\2.6.1\icu4j-2.6.1.jar;C:\Users\ubasaja\.m2\repository\xalan\xalan\2.6.0\xalan-2.6.0.jar;C:\Users\ubasaja\.m2\repository\org\ccil\cowan\tagsoup\tagsoup\0.9.7\tagsoup-0.9.7.jar;C:\Users\ubasaja\.m2\repository\msv\xsdlib\20030807\xsdlib-20030807.jar;C:\Users\ubasaja\.m2\repository\msv\relaxngDatatype\20030807\relaxngDatatype-20030807.jar;C:\Users\ubasaja\.m2\repository\pull-parser\pull-parser\2.1.10\pull-parser-2.1.10.jar;C:\Users\ubasaja\.m2\repository\xpp3\xpp3\1.1.3.3\xpp3-1.1.3.3.jar;C:\Users\ubasaja\.m2\repository\stax\stax-api\1.0\stax-api-1.0.jar;C:\Users\ubasaja\.m2\repository\junitperf\junitperf\1.8\junitperf-1.8.jar;C:\Users\ubasaja\.m2\repository\net\sourceforge\jexcelapi\jxl\2.6.12\jxl-2.6.12.jar;C:\Users\ubasaja\.m2\repository\com\thoughtworks\xstream\xstream\1.2.2\xstream-1.2.2.jar;C:\Users\ubasaja\.m2\repository\xpp3\xpp3_min\1.1.3.4.O\xpp3_min-1.1.3.4.O.jar;"/>
    <property name="java.vm.specification.version" value="1.7"/>
    <property name="sun.arch.data.model" value="64"/>
    <property name="java.home" value="C:\Program Files\Java\jdk1.7.0_51\jre"/>
    <property name="sun.java.command" value="C:\Users\ubasaja\AppData\Local\Temp\surefirebooter4337420700524739363.jar C:\Users\ubasaja\AppData\Local\Temp\surefire5421083449739300114tmp C:\Users\ubasaja\AppData\Local\Temp\surefire1499817950956288621tmp"/>
    <property name="java.specification.vendor" value="Oracle Corporation"/>
    <property name="user.language" value="en"/>
    <property name="awt.toolkit" value="sun.awt.windows.WToolkit"/>
    <property name="java.vm.info" value="mixed mode"/>
    <property name="org.uncommons.reportng.stylesheet" value="src/test/resources/config/hudsonesque.css"/>
    <property name="java.version" value="1.7.0_51"/>
    <property name="java.ext.dirs" value="C:\Program Files\Java\jdk1.7.0_51\jre\lib\ext;C:\WINDOWS\Sun\Java\lib\ext"/>
    <property name="sun.boot.class.path" value="C:\Program Files\Java\jdk1.7.0_51\jre\lib\resources.jar;C:\Program Files\Java\jdk1.7.0_51\jre\lib\rt.jar;C:\Program Files\Java\jdk1.7.0_51\jre\lib\sunrsasign.jar;C:\Program Files\Java\jdk1.7.0_51\jre\lib\jsse.jar;C:\Program Files\Java\jdk1.7.0_51\jre\lib\jce.jar;C:\Program Files\Java\jdk1.7.0_51\jre\lib\charsets.jar;C:\Program Files\Java\jdk1.7.0_51\jre\lib\jfr.jar;C:\Program Files\Java\jdk1.7.0_51\jre\classes"/>
    <property name="webdriver.chrome.driver" value="src/test/resources/test/chromedriver.exe"/>
    <property name="java.vendor" value="Oracle Corporation"/>
    <property name="org.uncommons.reportng.escape-output" value="false"/>
    <property name="localRepository" value="C:\Users\ubasaja\.m2\repository"/>
    <property name="org.uncommons.reportng.title" value="NMEL Test Report"/>
    <property name="file.separator" value="\"/>
    <property name="java.vendor.url.bug" value="http://bugreport.sun.com/bugreport/"/>
    <property name="sun.cpu.endian" value="little"/>
    <property name="sun.io.unicode.encoding" value="UnicodeLittle"/>
    <property name="sun.desktop" value="windows"/>
    <property name="sun.cpu.isalist" value="amd64"/>
  </properties>
  <testcase time="404.171" classname="com.pearson.piltg.ngmelII.RegressionNMELIII.RumbaRegistration" name="tearDown">
    <failure message="chrome not reachable
  (Session info: chrome=37.0.2062.124)
  (Driver info: chromedriver=2.8.241075,platform=Windows NT 6.3 x86_64) (WARNING: The server did not provide any stacktrace information)
Command duration or timeout: 1.02 seconds
Build info: version: &apos;2.39.0&apos;, revision: &apos;14fa800511cc5d66d426e08b0b2ab926c7ed7398&apos;, time: &apos;2013-12-16 13:18:38&apos;
System info: host: &apos;BRICAWL-9JDVVY1&apos;, ip: &apos;10.105.226.68&apos;, os.name: &apos;Windows 8&apos;, os.arch: &apos;amd64&apos;, os.version: &apos;6.2&apos;, java.version: &apos;1.7.0_51&apos;
Session ID: 39ae970f8ee2deab00c695374940bc90
Driver info: org.openqa.selenium.chrome.ChromeDriver
Capabilities [{platform=WIN8, acceptSslCerts=true, javascriptEnabled=true, browserName=chrome, chrome={userDataDir=C:\Users\ubasaja\AppData\Local\Temp\scoped_dir11232_9175}, rotatable=false, locationContextEnabled=true, version=37.0.2062.124, takesHeapSnapshot=true, cssSelectorsEnabled=true, databaseEnabled=false, handlesAlerts=true, browserConnectionEnabled=false, nativeEvents=true, webStorageEnabled=true, applicationCacheEnabled=false, takesScreenshot=true}]" type="org.openqa.selenium.WebDriverException">org.openqa.selenium.WebDriverException: chrome not reachable
  (Session info: chrome=37.0.2062.124)
  (Driver info: chromedriver=2.8.241075,platform=Windows NT 6.3 x86_64) (WARNING: The server did not provide any stacktrace information)
Command duration or timeout: 1.02 seconds
Build info: version: &apos;2.39.0&apos;, revision: &apos;14fa800511cc5d66d426e08b0b2ab926c7ed7398&apos;, time: &apos;2013-12-16 13:18:38&apos;
System info: host: &apos;BRICAWL-9JDVVY1&apos;, ip: &apos;10.105.226.68&apos;, os.name: &apos;Windows 8&apos;, os.arch: &apos;amd64&apos;, os.version: &apos;6.2&apos;, java.version: &apos;1.7.0_51&apos;
Session ID: 39ae970f8ee2deab00c695374940bc90
Driver info: org.openqa.selenium.chrome.ChromeDriver
Capabilities [{platform=WIN8, acceptSslCerts=true, javascriptEnabled=true, browserName=chrome, chrome={userDataDir=C:\Users\ubasaja\AppData\Local\Temp\scoped_dir11232_9175}, rotatable=false, locationContextEnabled=true, version=37.0.2062.124, takesHeapSnapshot=true, cssSelectorsEnabled=true, databaseEnabled=false, handlesAlerts=true, browserConnectionEnabled=false, nativeEvents=true, webStorageEnabled=true, applicationCacheEnabled=false, takesScreenshot=true}]
	at sun.reflect.NativeConstructorAccessorImpl.newInstance0(Native Method)
	at sun.reflect.NativeConstructorAccessorImpl.newInstance(NativeConstructorAccessorImpl.java:57)
	at sun.reflect.DelegatingConstructorAccessorImpl.newInstance(DelegatingConstructorAccessorImpl.java:45)
	at java.lang.reflect.Constructor.newInstance(Constructor.java:526)
	at org.openqa.selenium.remote.ErrorHandler.createThrowable(ErrorHandler.java:193)
	at org.openqa.selenium.remote.ErrorHandler.throwIfResponseFailed(ErrorHandler.java:145)
	at org.openqa.selenium.remote.RemoteWebDriver.execute(RemoteWebDriver.java:554)
	at org.openqa.selenium.remote.RemoteWebDriver.execute(RemoteWebDriver.java:569)
	at org.openqa.selenium.remote.RemoteWebDriver.close(RemoteWebDriver.java:418)
	at com.pearson.piltg.ngmelII.RegressionNMELIII.RumbaRegistration.tearDown(RumbaRegistration.java:290)
</failure>
    <system-out>[[ChromeDriver: chrome on WIN8 (39ae970f8ee2deab00c695374940bc90)] -&gt; id: next_button]
[[ChromeDriver: chrome on WIN8 (39ae970f8ee2deab00c695374940bc90)] -&gt; id: next_button]
Next - true - true
clickingBy.id: next_button
[[ChromeDriver: chrome on WIN8 (39ae970f8ee2deab00c695374940bc90)] -&gt; css selector: div:nth-of-type(2) &gt; div &gt; form &gt; div:nth-of-type(2) &gt; a]
[[ChromeDriver: chrome on WIN8 (39ae970f8ee2deab00c695374940bc90)] -&gt; css selector: div:nth-of-type(2) &gt; div &gt; form &gt; div:nth-of-type(2) &gt; a]
Next - true - true
clickingBy.selector: div:nth-of-type(2) &gt; div &gt; form &gt; div:nth-of-type(2) &gt; a
[[ChromeDriver: chrome on WIN8 (39ae970f8ee2deab00c695374940bc90)] -&gt; id: create_account]
[[ChromeDriver: chrome on WIN8 (39ae970f8ee2deab00c695374940bc90)] -&gt; id: create_account]
Create - true - true
clickingBy.id: create_account
[[ChromeDriver: chrome on WIN8 (39ae970f8ee2deab00c695374940bc90)] -&gt; css selector: div:nth-of-type(2) &gt; div &gt; form &gt; div:nth-of-type(2) &gt; button]
[[ChromeDriver: chrome on WIN8 (39ae970f8ee2deab00c695374940bc90)] -&gt; id: agree]
[[ChromeDriver: chrome on WIN8 (39ae970f8ee2deab00c695374940bc90)] -&gt; css selector: div:nth-of-type(2) &gt; div &gt; form &gt; div:nth-of-type(2) &gt; button]
Next - true - true
clickingBy.selector: div:nth-of-type(2) &gt; div &gt; form &gt; div:nth-of-type(2) &gt; button
[[ChromeDriver: chrome on WIN8 (39ae970f8ee2deab00c695374940bc90)] -&gt; css selector: div:nth-of-type(2) &gt; div &gt; form &gt; div:nth-of-type(3) &gt; button]
[[ChromeDriver: chrome on WIN8 (39ae970f8ee2deab00c695374940bc90)] -&gt; css selector: div:nth-of-type(2) &gt; div &gt; form &gt; div &gt; fieldset &gt; div &gt; div &gt; button]
[[ChromeDriver: chrome on WIN8 (39ae970f8ee2deab00c695374940bc90)] -&gt; css selector: div:nth-of-type(2) &gt; div &gt; form &gt; div &gt; fieldset &gt; div &gt; div &gt; button]
Continue Creating this Account - true - true
clickingBy.selector: div:nth-of-type(2) &gt; div &gt; form &gt; div &gt; fieldset &gt; div &gt; div &gt; button
[[ChromeDriver: chrome on WIN8 (39ae970f8ee2deab00c695374940bc90)] -&gt; id: next_button]
[[ChromeDriver: chrome on WIN8 (39ae970f8ee2deab00c695374940bc90)] -&gt; id: next_button]
Finish - true - true
clickingBy.id: next_button
Go to your product - true - true
[[ChromeDriver: chrome on WIN8 (39ae970f8ee2deab00c695374940bc90)] -&gt; css selector: a.button.destination]
Go to your product - true - true
clickingBy.selector: a.button.destination
Deepika By.id: save_personal_details
 - true - true
[[ChromeDriver: chrome on WIN8 (39ae970f8ee2deab00c695374940bc90)] -&gt; xpath: //li[contains(text(),&apos;Albania&apos;)]]
[[ChromeDriver: chrome on WIN8 (39ae970f8ee2deab00c695374940bc90)] -&gt; css selector: div#user_settings_timeZone_chzn&gt;a&gt;span]
TimeZone:Tirane

&lt;Instructor1&gt;
  &lt;userName&gt;Teacher_20140930035011&lt;/userName&gt;
  &lt;password&gt;Password123&lt;/password&gt;
  &lt;accessCode&gt;EESNVC-SHALL-FREAK-PATNA-METIS-NURSE&lt;/accessCode&gt;
  &lt;firstName&gt;Teacher_20140930035011&lt;/firstName&gt;
  &lt;middleName&gt;Teacher_&lt;/middleName&gt;
  &lt;lastName&gt;Teacher_&lt;/lastName&gt;
  &lt;emailId&gt;teacher@abc.com&lt;/emailId&gt;
  &lt;country&gt;Albania&lt;/country&gt;
  &lt;language&gt;English&lt;/language&gt;
  &lt;timezone&gt;Tirane&lt;/timezone&gt;
  &lt;dateFormat12&gt;22 Feb 2012, 9:00 PM&lt;/dateFormat12&gt;
  &lt;dateFormat24&gt;22 Feb 2012, 15:53&lt;/dateFormat24&gt;
&lt;/Instructor1&gt;File created at path: src/test/resources/data/input/userInstructor1.xml
[[ChromeDriver: chrome on WIN8 (39ae970f8ee2deab00c695374940bc90)] -&gt; id: menuFifth]
[[ChromeDriver: chrome on WIN8 (39ae970f8ee2deab00c695374940bc90)] -&gt; id: menuFifth]
SETTINGS - true - true
clickingBy.id: menuFifth
Current Tab selected isSETTINGS
Deepu1 By.xpath: //div[@id=&apos;settings&apos;]/ul/li[1]/a
[[ChromeDriver: chrome on WIN8 (39ae970f8ee2deab00c695374940bc90)] -&gt; xpath: //div[@id=&apos;settings&apos;]/ul/li[1]/a]
Deepu1 By.xpath: //div[@id=&apos;settings&apos;]/ul/li[1]/a
[[ChromeDriver: chrome on WIN8 (39ae970f8ee2deab00c695374940bc90)] -&gt; xpath: //div[@id=&apos;settings&apos;]/ul/li[1]/a]
[[ChromeDriver: chrome on WIN8 (39ae970f8ee2deab00c695374940bc90)] -&gt; id: create_a_new_course]
Create a new course - true - true
clickingBy.id: create_a_new_course
[[ChromeDriver: chrome on WIN8 (39ae970f8ee2deab00c695374940bc90)] -&gt; id: course_create_nameAndDate_name]
[[ChromeDriver: chrome on WIN8 (39ae970f8ee2deab00c695374940bc90)] -&gt; xpath: //li[contains(text(),&apos;Next Move 2&apos;)]]
[[ChromeDriver: chrome on WIN8 (39ae970f8ee2deab00c695374940bc90)] -&gt; id: course_create_button]
 - true - true
clickingBy.id: course_create_button
ofgj-gnpe-q5ay-evpo
Course_20140930035203
ofgj-gnpe-q5ay-evpo
Course_20140930035203
Deepika
Deepika issue
Deepika issue
[[ChromeDriver: chrome on WIN8 (39ae970f8ee2deab00c695374940bc90)] -&gt; id: menuFifth]
[[ChromeDriver: chrome on WIN8 (39ae970f8ee2deab00c695374940bc90)] -&gt; id: menuFifth]
SETTINGS - true - true
clickingBy.id: menuFifth
Current Tab selected isSETTINGS
Deepu1 By.xpath: //div[@id=&apos;settings&apos;]/ul/li[1]/a
[[ChromeDriver: chrome on WIN8 (39ae970f8ee2deab00c695374940bc90)] -&gt; xpath: //div[@id=&apos;settings&apos;]/ul/li[1]/a]
Deepu1 By.xpath: //div[@id=&apos;settings&apos;]/ul/li[1]/a
[[ChromeDriver: chrome on WIN8 (39ae970f8ee2deab00c695374940bc90)] -&gt; xpath: //div[@id=&apos;settings&apos;]/ul/li[1]/a]
[[ChromeDriver: chrome on WIN8 (39ae970f8ee2deab00c695374940bc90)] -&gt; id: create_a_new_course]
Create a new course - true - true
clickingBy.id: create_a_new_course
[[ChromeDriver: chrome on WIN8 (39ae970f8ee2deab00c695374940bc90)] -&gt; id: course_create_nameAndDate_name]
[[ChromeDriver: chrome on WIN8 (39ae970f8ee2deab00c695374940bc90)] -&gt; xpath: //li[contains(text(),&apos;Next Move 2&apos;)]]
[[ChromeDriver: chrome on WIN8 (39ae970f8ee2deab00c695374940bc90)] -&gt; id: course_create_button]
 - true - true
clickingBy.id: course_create_button
r7iq-3882-35ja-mqht
Course_20140930035241
r7iq-3882-35ja-mqht
Course_20140930035241
Deepika
Deepika issue
Deepika issue
Deepika fix this issue
[[ChromeDriver: chrome on WIN8 (39ae970f8ee2deab00c695374940bc90)] -&gt; id: menuSecond]
[[ChromeDriver: chrome on WIN8 (39ae970f8ee2deab00c695374940bc90)] -&gt; id: menuSecond]
COURSE - true - true
clickingBy.id: menuSecond
Deepika have you fixed it
[[ChromeDriver: chrome on WIN8 (39ae970f8ee2deab00c695374940bc90)] -&gt; css selector: div#choice_courses_name_chzn&gt;a&gt;div&gt;b]
Deepika glad you fixed it
Sign out - true - true
DeepuBy.selector: div#headerContents&gt;ul&gt;li:nth-child(2)&gt;a
[[ChromeDriver: chrome on WIN8 (39ae970f8ee2deab00c695374940bc90)] -&gt; css selector: div#headerContents&gt;ul&gt;li:nth-child(2)&gt;a]
Sign out - true - true
clickingBy.selector: div#headerContents&gt;ul&gt;li:nth-child(2)&gt;a
[[ChromeDriver: chrome on WIN8 (39ae970f8ee2deab00c695374940bc90)] -&gt; css selector: a.button.next]
Sign In - true - true
clickingBy.selector: a.button.next
[[ChromeDriver: chrome on WIN8 (39ae970f8ee2deab00c695374940bc90)] -&gt; id: next_button]
[[ChromeDriver: chrome on WIN8 (39ae970f8ee2deab00c695374940bc90)] -&gt; id: next_button]
Next - true - true
clickingBy.id: next_button
[[ChromeDriver: chrome on WIN8 (39ae970f8ee2deab00c695374940bc90)] -&gt; css selector: div:nth-of-type(2) &gt; div &gt; form &gt; div:nth-of-type(2) &gt; a]
[[ChromeDriver: chrome on WIN8 (39ae970f8ee2deab00c695374940bc90)] -&gt; css selector: div:nth-of-type(2) &gt; div &gt; form &gt; div:nth-of-type(2) &gt; a]
Next - true - true
clickingBy.selector: div:nth-of-type(2) &gt; div &gt; form &gt; div:nth-of-type(2) &gt; a
[[ChromeDriver: chrome on WIN8 (39ae970f8ee2deab00c695374940bc90)] -&gt; id: create_account]
[[ChromeDriver: chrome on WIN8 (39ae970f8ee2deab00c695374940bc90)] -&gt; id: create_account]
Create - true - true
clickingBy.id: create_account
[[ChromeDriver: chrome on WIN8 (39ae970f8ee2deab00c695374940bc90)] -&gt; css selector: div:nth-of-type(2) &gt; div &gt; form &gt; div:nth-of-type(2) &gt; button]
[[ChromeDriver: chrome on WIN8 (39ae970f8ee2deab00c695374940bc90)] -&gt; id: agree]
[[ChromeDriver: chrome on WIN8 (39ae970f8ee2deab00c695374940bc90)] -&gt; css selector: div:nth-of-type(2) &gt; div &gt; form &gt; div:nth-of-type(2) &gt; button]
Next - true - true
clickingBy.selector: div:nth-of-type(2) &gt; div &gt; form &gt; div:nth-of-type(2) &gt; button
[[ChromeDriver: chrome on WIN8 (39ae970f8ee2deab00c695374940bc90)] -&gt; css selector: div:nth-of-type(2) &gt; div &gt; form &gt; div:nth-of-type(3) &gt; button]
[[ChromeDriver: chrome on WIN8 (39ae970f8ee2deab00c695374940bc90)] -&gt; css selector: div:nth-of-type(2) &gt; div &gt; form &gt; div &gt; fieldset &gt; div &gt; div &gt; button]
[[ChromeDriver: chrome on WIN8 (39ae970f8ee2deab00c695374940bc90)] -&gt; css selector: div:nth-of-type(2) &gt; div &gt; form &gt; div &gt; fieldset &gt; div &gt; div &gt; button]
Continue Creating this Account - true - true
clickingBy.selector: div:nth-of-type(2) &gt; div &gt; form &gt; div &gt; fieldset &gt; div &gt; div &gt; button
[[ChromeDriver: chrome on WIN8 (39ae970f8ee2deab00c695374940bc90)] -&gt; id: next_button]
[[ChromeDriver: chrome on WIN8 (39ae970f8ee2deab00c695374940bc90)] -&gt; id: next_button]
Finish - true - true
clickingBy.id: next_button
Go to your product - true - true
[[ChromeDriver: chrome on WIN8 (39ae970f8ee2deab00c695374940bc90)] -&gt; css selector: a.button.destination]
Go to your product - true - true
clickingBy.selector: a.button.destination
Deepika By.id: save_personal_details
 - true - true
[[ChromeDriver: chrome on WIN8 (39ae970f8ee2deab00c695374940bc90)] -&gt; xpath: //li[contains(text(),&apos;Albania&apos;)]]
[[ChromeDriver: chrome on WIN8 (39ae970f8ee2deab00c695374940bc90)] -&gt; css selector: div#user_settings_timeZone_chzn&gt;a&gt;span]
TimeZone:Tirane

&lt;Instructor2&gt;
  &lt;userName&gt;Teacher_20140930035346&lt;/userName&gt;
  &lt;password&gt;Password123&lt;/password&gt;
  &lt;accessCode&gt;EESNVC-SHALL-FREAK-PATNA-METIS-NURSE&lt;/accessCode&gt;
  &lt;firstName&gt;Teacher_20140930035346&lt;/firstName&gt;
  &lt;middleName&gt;Teacher_&lt;/middleName&gt;
  &lt;lastName&gt;Teacher_&lt;/lastName&gt;
  &lt;emailId&gt;teacher@abc.com&lt;/emailId&gt;
  &lt;country&gt;Albania&lt;/country&gt;
  &lt;language&gt;English&lt;/language&gt;
  &lt;timezone&gt;Tirane&lt;/timezone&gt;
  &lt;dateFormat12&gt;22 Feb 2012, 9:00 PM&lt;/dateFormat12&gt;
  &lt;dateFormat24&gt;22 Feb 2012, 15:53&lt;/dateFormat24&gt;
&lt;/Instructor2&gt;File created at path: src/test/resources/data/input/userInstructor2.xml
[[ChromeDriver: chrome on WIN8 (39ae970f8ee2deab00c695374940bc90)] -&gt; id: menuFifth]
[[ChromeDriver: chrome on WIN8 (39ae970f8ee2deab00c695374940bc90)] -&gt; id: menuFifth]
SETTINGS - true - true
clickingBy.id: menuFifth
Current Tab selected isSETTINGS
Deepu1 By.xpath: //div[@id=&apos;settings&apos;]/ul/li[1]/a
[[ChromeDriver: chrome on WIN8 (39ae970f8ee2deab00c695374940bc90)] -&gt; xpath: //div[@id=&apos;settings&apos;]/ul/li[1]/a]
Deepu1 By.xpath: //div[@id=&apos;settings&apos;]/ul/li[1]/a
[[ChromeDriver: chrome on WIN8 (39ae970f8ee2deab00c695374940bc90)] -&gt; xpath: //div[@id=&apos;settings&apos;]/ul/li[1]/a]
[[ChromeDriver: chrome on WIN8 (39ae970f8ee2deab00c695374940bc90)] -&gt; id: create_a_new_course]
Create a new course - true - true
clickingBy.id: create_a_new_course
[[ChromeDriver: chrome on WIN8 (39ae970f8ee2deab00c695374940bc90)] -&gt; id: course_create_nameAndDate_name]
[[ChromeDriver: chrome on WIN8 (39ae970f8ee2deab00c695374940bc90)] -&gt; xpath: //li[contains(text(),&apos;Next Move 2&apos;)]]
[[ChromeDriver: chrome on WIN8 (39ae970f8ee2deab00c695374940bc90)] -&gt; id: course_create_button]
 - true - true
clickingBy.id: course_create_button
77uy-hzgo-4mqt-8u7w
Course_20140930035532
77uy-hzgo-4mqt-8u7w
Course_20140930035532
Deepika
Deepika issue
Deepika issue
[[ChromeDriver: chrome on WIN8 (39ae970f8ee2deab00c695374940bc90)] -&gt; id: menuFifth]
[[ChromeDriver: chrome on WIN8 (39ae970f8ee2deab00c695374940bc90)] -&gt; id: menuFifth]
SETTINGS - true - true
clickingBy.id: menuFifth
Current Tab selected isSETTINGS
Deepu1 By.xpath: //div[@id=&apos;settings&apos;]/ul/li[1]/a
[[ChromeDriver: chrome on WIN8 (39ae970f8ee2deab00c695374940bc90)] -&gt; xpath: //div[@id=&apos;settings&apos;]/ul/li[1]/a]
Deepu1 By.xpath: //div[@id=&apos;settings&apos;]/ul/li[1]/a
[[ChromeDriver: chrome on WIN8 (39ae970f8ee2deab00c695374940bc90)] -&gt; xpath: //div[@id=&apos;settings&apos;]/ul/li[1]/a]
[[ChromeDriver: chrome on WIN8 (39ae970f8ee2deab00c695374940bc90)] -&gt; id: create_a_new_course]
Create a new course - true - true
clickingBy.id: create_a_new_course
[[ChromeDriver: chrome on WIN8 (39ae970f8ee2deab00c695374940bc90)] -&gt; id: course_create_nameAndDate_name]
[[ChromeDriver: chrome on WIN8 (39ae970f8ee2deab00c695374940bc90)] -&gt; xpath: //li[contains(text(),&apos;Next Move 2&apos;)]]
[[ChromeDriver: chrome on WIN8 (39ae970f8ee2deab00c695374940bc90)] -&gt; id: course_create_button]
 - true - true
clickingBy.id: course_create_button
56gf-tw3o-8fhj-np73
Course_20140930035608
56gf-tw3o-8fhj-np73
Course_20140930035608
Deepika
Deepika issue
Deepika issue
Deepika fix this issue
[[ChromeDriver: chrome on WIN8 (39ae970f8ee2deab00c695374940bc90)] -&gt; id: menuSecond]
[[ChromeDriver: chrome on WIN8 (39ae970f8ee2deab00c695374940bc90)] -&gt; id: menuSecond]
COURSE - true - true
clickingBy.id: menuSecond
Deepika have you fixed it
Deepika glad you fixed it
</system-out>
    <system-err>java.io.FileNotFoundException: C:\Users\ubasaja\workspace\trunknull (The system cannot find the file specified)
	at java.io.FileInputStream.open(Native Method)
	at java.io.FileInputStream.&lt;init&gt;(FileInputStream.java:146)
	at java.io.FileInputStream.&lt;init&gt;(FileInputStream.java:101)
	at sun.net.www.protocol.file.FileURLConnection.connect(FileURLConnection.java:90)
	at sun.net.www.protocol.file.FileURLConnection.getInputStream(FileURLConnection.java:188)
	at org.apache.xerces.impl.XMLEntityManager.setupCurrentEntity(Unknown Source)
	at org.apache.xerces.impl.XMLVersionDetector.determineDocVersion(Unknown Source)
	at org.apache.xerces.parsers.XML11Configuration.parse(Unknown Source)
	at org.apache.xerces.parsers.XML11Configuration.parse(Unknown Source)
	at org.apache.xerces.parsers.XMLParser.parse(Unknown Source)
	at org.apache.xerces.parsers.DOMParser.parse(Unknown Source)
	at org.apache.xerces.jaxp.DocumentBuilderImpl.parse(Unknown Source)
	at javax.xml.parsers.DocumentBuilder.parse(DocumentBuilder.java:177)
	at com.pearson.piltg.ngmelII.util.utility.addXmlNode(utility.java:132)
	at com.pearson.piltg.ngmelII.RegressionNMELIII.RumbaRegistration.registerInstructor(RumbaRegistration.java:105)
	at sun.reflect.NativeMethodAccessorImpl.invoke0(Native Method)
	at sun.reflect.NativeMethodAccessorImpl.invoke(NativeMethodAccessorImpl.java:57)
	at sun.reflect.DelegatingMethodAccessorImpl.invoke(DelegatingMethodAccessorImpl.java:43)
	at java.lang.reflect.Method.invoke(Method.java:606)
	at org.testng.internal.MethodHelper.invokeMethod(MethodHelper.java:580)
	at org.testng.internal.Invoker.invokeMethod(Invoker.java:478)
	at org.testng.internal.Invoker.invokeTestMethod(Invoker.java:607)
	at org.testng.internal.Invoker.invokeTestMethods(Invoker.java:874)
	at org.testng.internal.TestMethodWorker.invokeTestMethods(TestMethodWorker.java:125)
	at org.testng.internal.TestMethodWorker.run(TestMethodWorker.java:109)
	at org.testng.TestRunner.runWorkers(TestRunner.java:689)
	at org.testng.TestRunner.privateRun(TestRunner.java:566)
	at org.testng.TestRunner.run(TestRunner.java:466)
	at org.testng.SuiteRunner.runTest(SuiteRunner.java:301)
	at org.testng.SuiteRunner.runSequentially(SuiteRunner.java:296)
	at org.testng.SuiteRunner.privateRun(SuiteRunner.java:276)
	at org.testng.SuiteRunner.run(SuiteRunner.java:191)
	at org.testng.TestNG.createAndRunSuiteRunners(TestNG.java:808)
	at org.testng.TestNG.runSuitesLocally(TestNG.java:776)
	at org.testng.TestNG.run(TestNG.java:701)
	at org.apache.maven.surefire.testng.TestNGExecutor.run(TestNGExecutor.java:74)
	at org.apache.maven.surefire.testng.TestNGXmlTestSuite.execute(TestNGXmlTestSuite.java:92)
	at org.apache.maven.surefire.Surefire.run(Surefire.java:180)
	at sun.reflect.NativeMethodAccessorImpl.invoke0(Native Method)
	at sun.reflect.NativeMethodAccessorImpl.invoke(NativeMethodAccessorImpl.java:57)
	at sun.reflect.DelegatingMethodAccessorImpl.invoke(DelegatingMethodAccessorImpl.java:43)
	at java.lang.reflect.Method.invoke(Method.java:606)
	at org.apache.maven.surefire.booter.SurefireBooter.runSuitesInProcess(SurefireBooter.java:350)
	at org.apache.maven.surefire.booter.SurefireBooter.main(SurefireBooter.java:1021)
java.io.FileNotFoundException: C:\Users\ubasaja\workspace\trunknull (The system cannot find the file specified)
	at java.io.FileInputStream.open(Native Method)
	at java.io.FileInputStream.&lt;init&gt;(FileInputStream.java:146)
	at java.io.FileInputStream.&lt;init&gt;(FileInputStream.java:101)
	at sun.net.www.protocol.file.FileURLConnection.connect(FileURLConnection.java:90)
	at sun.net.www.protocol.file.FileURLConnection.getInputStream(FileURLConnection.java:188)
	at org.apache.xerces.impl.XMLEntityManager.setupCurrentEntity(Unknown Source)
	at org.apache.xerces.impl.XMLVersionDetector.determineDocVersion(Unknown Source)
	at org.apache.xerces.parsers.XML11Configuration.parse(Unknown Source)
	at org.apache.xerces.parsers.XML11Configuration.parse(Unknown Source)
	at org.apache.xerces.parsers.XMLParser.parse(Unknown Source)
	at org.apache.xerces.parsers.DOMParser.parse(Unknown Source)
	at org.apache.xerces.jaxp.DocumentBuilderImpl.parse(Unknown Source)
	at javax.xml.parsers.DocumentBuilder.parse(DocumentBuilder.java:177)
	at com.pearson.piltg.ngmelII.util.utility.addXmlNode(utility.java:132)
	at com.pearson.piltg.ngmelII.RegressionNMELIII.RumbaRegistration.registerInstructor(RumbaRegistration.java:106)
	at sun.reflect.NativeMethodAccessorImpl.invoke0(Native Method)
	at sun.reflect.NativeMethodAccessorImpl.invoke(NativeMethodAccessorImpl.java:57)
	at sun.reflect.DelegatingMethodAccessorImpl.invoke(DelegatingMethodAccessorImpl.java:43)
	at java.lang.reflect.Method.invoke(Method.java:606)
	at org.testng.internal.MethodHelper.invokeMethod(MethodHelper.java:580)
	at org.testng.internal.Invoker.invokeMethod(Invoker.java:478)
	at org.testng.internal.Invoker.invokeTestMethod(Invoker.java:607)
	at org.testng.internal.Invoker.invokeTestMethods(Invoker.java:874)
	at org.testng.internal.TestMethodWorker.invokeTestMethods(TestMethodWorker.java:125)
	at org.testng.internal.TestMethodWorker.run(TestMethodWorker.java:109)
	at org.testng.TestRunner.runWorkers(TestRunner.java:689)
	at org.testng.TestRunner.privateRun(TestRunner.java:566)
	at org.testng.TestRunner.run(TestRunner.java:466)
	at org.testng.SuiteRunner.runTest(SuiteRunner.java:301)
	at org.testng.SuiteRunner.runSequentially(SuiteRunner.java:296)
	at org.testng.SuiteRunner.privateRun(SuiteRunner.java:276)
	at org.testng.SuiteRunner.run(SuiteRunner.java:191)
	at org.testng.TestNG.createAndRunSuiteRunners(TestNG.java:808)
	at org.testng.TestNG.runSuitesLocally(TestNG.java:776)
	at org.testng.TestNG.run(TestNG.java:701)
	at org.apache.maven.surefire.testng.TestNGExecutor.run(TestNGExecutor.java:74)
	at org.apache.maven.surefire.testng.TestNGXmlTestSuite.execute(TestNGXmlTestSuite.java:92)
	at org.apache.maven.surefire.Surefire.run(Surefire.java:180)
	at sun.reflect.NativeMethodAccessorImpl.invoke0(Native Method)
	at sun.reflect.NativeMethodAccessorImpl.invoke(NativeMethodAccessorImpl.java:57)
	at sun.reflect.DelegatingMethodAccessorImpl.invoke(DelegatingMethodAccessorImpl.java:43)
	at java.lang.reflect.Method.invoke(Method.java:606)
	at org.apache.maven.surefire.booter.SurefireBooter.runSuitesInProcess(SurefireBooter.java:350)
	at org.apache.maven.surefire.booter.SurefireBooter.main(SurefireBooter.java:1021)
java.io.FileNotFoundException: C:\Users\ubasaja\workspace\trunknull (The system cannot find the file specified)
	at java.io.FileInputStream.open(Native Method)
	at java.io.FileInputStream.&lt;init&gt;(FileInputStream.java:146)
	at java.io.FileInputStream.&lt;init&gt;(FileInputStream.java:101)
	at sun.net.www.protocol.file.FileURLConnection.connect(FileURLConnection.java:90)
	at sun.net.www.protocol.file.FileURLConnection.getInputStream(FileURLConnection.java:188)
	at org.apache.xerces.impl.XMLEntityManager.setupCurrentEntity(Unknown Source)
	at org.apache.xerces.impl.XMLVersionDetector.determineDocVersion(Unknown Source)
	at org.apache.xerces.parsers.XML11Configuration.parse(Unknown Source)
	at org.apache.xerces.parsers.XML11Configuration.parse(Unknown Source)
	at org.apache.xerces.parsers.XMLParser.parse(Unknown Source)
	at org.apache.xerces.parsers.DOMParser.parse(Unknown Source)
	at org.apache.xerces.jaxp.DocumentBuilderImpl.parse(Unknown Source)
	at javax.xml.parsers.DocumentBuilder.parse(DocumentBuilder.java:177)
	at com.pearson.piltg.ngmelII.util.utility.addXmlNode(utility.java:132)
	at com.pearson.piltg.ngmelII.RegressionNMELIII.RumbaRegistration.registerInstructor(RumbaRegistration.java:105)
	at sun.reflect.NativeMethodAccessorImpl.invoke0(Native Method)
	at sun.reflect.NativeMethodAccessorImpl.invoke(NativeMethodAccessorImpl.java:57)
	at sun.reflect.DelegatingMethodAccessorImpl.invoke(DelegatingMethodAccessorImpl.java:43)
	at java.lang.reflect.Method.invoke(Method.java:606)
	at org.testng.internal.MethodHelper.invokeMethod(MethodHelper.java:580)
	at org.testng.internal.Invoker.invokeMethod(Invoker.java:478)
	at org.testng.internal.Invoker.invokeTestMethod(Invoker.java:607)
	at org.testng.internal.Invoker.invokeTestMethods(Invoker.java:874)
	at org.testng.internal.TestMethodWorker.invokeTestMethods(TestMethodWorker.java:125)
	at org.testng.internal.TestMethodWorker.run(TestMethodWorker.java:109)
	at org.testng.TestRunner.runWorkers(TestRunner.java:689)
	at org.testng.TestRunner.privateRun(TestRunner.java:566)
	at org.testng.TestRunner.run(TestRunner.java:466)
	at org.testng.SuiteRunner.runTest(SuiteRunner.java:301)
	at org.testng.SuiteRunner.runSequentially(SuiteRunner.java:296)
	at org.testng.SuiteRunner.privateRun(SuiteRunner.java:276)
	at org.testng.SuiteRunner.run(SuiteRunner.java:191)
	at org.testng.TestNG.createAndRunSuiteRunners(TestNG.java:808)
	at org.testng.TestNG.runSuitesLocally(TestNG.java:776)
	at org.testng.TestNG.run(TestNG.java:701)
	at org.apache.maven.surefire.testng.TestNGExecutor.run(TestNGExecutor.java:74)
	at org.apache.maven.surefire.testng.TestNGXmlTestSuite.execute(TestNGXmlTestSuite.java:92)
	at org.apache.maven.surefire.Surefire.run(Surefire.java:180)
	at sun.reflect.NativeMethodAccessorImpl.invoke0(Native Method)
	at sun.reflect.NativeMethodAccessorImpl.invoke(NativeMethodAccessorImpl.java:57)
	at sun.reflect.DelegatingMethodAccessorImpl.invoke(DelegatingMethodAccessorImpl.java:43)
	at java.lang.reflect.Method.invoke(Method.java:606)
	at org.apache.maven.surefire.booter.SurefireBooter.runSuitesInProcess(SurefireBooter.java:350)
	at org.apache.maven.surefire.booter.SurefireBooter.main(SurefireBooter.java:1021)
java.io.FileNotFoundException: C:\Users\ubasaja\workspace\trunknull (The system cannot find the file specified)
	at java.io.FileInputStream.open(Native Method)
	at java.io.FileInputStream.&lt;init&gt;(FileInputStream.java:146)
	at java.io.FileInputStream.&lt;init&gt;(FileInputStream.java:101)
	at sun.net.www.protocol.file.FileURLConnection.connect(FileURLConnection.java:90)
	at sun.net.www.protocol.file.FileURLConnection.getInputStream(FileURLConnection.java:188)
	at org.apache.xerces.impl.XMLEntityManager.setupCurrentEntity(Unknown Source)
	at org.apache.xerces.impl.XMLVersionDetector.determineDocVersion(Unknown Source)
	at org.apache.xerces.parsers.XML11Configuration.parse(Unknown Source)
	at org.apache.xerces.parsers.XML11Configuration.parse(Unknown Source)
	at org.apache.xerces.parsers.XMLParser.parse(Unknown Source)
	at org.apache.xerces.parsers.DOMParser.parse(Unknown Source)
	at org.apache.xerces.jaxp.DocumentBuilderImpl.parse(Unknown Source)
	at javax.xml.parsers.DocumentBuilder.parse(DocumentBuilder.java:177)
	at com.pearson.piltg.ngmelII.util.utility.addXmlNode(utility.java:132)
	at com.pearson.piltg.ngmelII.RegressionNMELIII.RumbaRegistration.registerInstructor(RumbaRegistration.java:106)
	at sun.reflect.NativeMethodAccessorImpl.invoke0(Native Method)
	at sun.reflect.NativeMethodAccessorImpl.invoke(NativeMethodAccessorImpl.java:57)
	at sun.reflect.DelegatingMethodAccessorImpl.invoke(DelegatingMethodAccessorImpl.java:43)
	at java.lang.reflect.Method.invoke(Method.java:606)
	at org.testng.internal.MethodHelper.invokeMethod(MethodHelper.java:580)
	at org.testng.internal.Invoker.invokeMethod(Invoker.java:478)
	at org.testng.internal.Invoker.invokeTestMethod(Invoker.java:607)
	at org.testng.internal.Invoker.invokeTestMethods(Invoker.java:874)
	at org.testng.internal.TestMethodWorker.invokeTestMethods(TestMethodWorker.java:125)
	at org.testng.internal.TestMethodWorker.run(TestMethodWorker.java:109)
	at org.testng.TestRunner.runWorkers(TestRunner.java:689)
	at org.testng.TestRunner.privateRun(TestRunner.java:566)
	at org.testng.TestRunner.run(TestRunner.java:466)
	at org.testng.SuiteRunner.runTest(SuiteRunner.java:301)
	at org.testng.SuiteRunner.runSequentially(SuiteRunner.java:296)
	at org.testng.SuiteRunner.privateRun(SuiteRunner.java:276)
	at org.testng.SuiteRunner.run(SuiteRunner.java:191)
	at org.testng.TestNG.createAndRunSuiteRunners(TestNG.java:808)
	at org.testng.TestNG.runSuitesLocally(TestNG.java:776)
	at org.testng.TestNG.run(TestNG.java:701)
	at org.apache.maven.surefire.testng.TestNGExecutor.run(TestNGExecutor.java:74)
	at org.apache.maven.surefire.testng.TestNGXmlTestSuite.execute(TestNGXmlTestSuite.java:92)
	at org.apache.maven.surefire.Surefire.run(Surefire.java:180)
	at sun.reflect.NativeMethodAccessorImpl.invoke0(Native Method)
	at sun.reflect.NativeMethodAccessorImpl.invoke(NativeMethodAccessorImpl.java:57)
	at sun.reflect.DelegatingMethodAccessorImpl.invoke(DelegatingMethodAccessorImpl.java:43)
	at java.lang.reflect.Method.invoke(Method.java:606)
	at org.apache.maven.surefire.booter.SurefireBooter.runSuitesInProcess(SurefireBooter.java:350)
	at org.apache.maven.surefire.booter.SurefireBooter.main(SurefireBooter.java:1021)
org.openqa.selenium.NoSuchWindowException: no such window: target window already closed
from unknown error: web view not found
  (Session info: chrome=37.0.2062.124)
  (Driver info: chromedriver=2.8.241075,platform=Windows NT 6.3 x86_64) (WARNING: The server did not provide any stacktrace information)
Command duration or timeout: 9 milliseconds
Build info: version: &apos;2.39.0&apos;, revision: &apos;14fa800511cc5d66d426e08b0b2ab926c7ed7398&apos;, time: &apos;2013-12-16 13:18:38&apos;
System info: host: &apos;BRICAWL-9JDVVY1&apos;, ip: &apos;10.105.226.68&apos;, os.name: &apos;Windows 8&apos;, os.arch: &apos;amd64&apos;, os.version: &apos;6.2&apos;, java.version: &apos;1.7.0_51&apos;
Session ID: 39ae970f8ee2deab00c695374940bc90
Driver info: org.openqa.selenium.chrome.ChromeDriver
Capabilities [{platform=WIN8, acceptSslCerts=true, javascriptEnabled=true, browserName=chrome, chrome={userDataDir=C:\Users\ubasaja\AppData\Local\Temp\scoped_dir11232_9175}, rotatable=false, locationContextEnabled=true, version=37.0.2062.124, takesHeapSnapshot=true, cssSelectorsEnabled=true, databaseEnabled=false, handlesAlerts=true, browserConnectionEnabled=false, nativeEvents=true, webStorageEnabled=true, applicationCacheEnabled=false, takesScreenshot=true}]
	at sun.reflect.NativeConstructorAccessorImpl.newInstance0(Native Method)
	at sun.reflect.NativeConstructorAccessorImpl.newInstance(NativeConstructorAccessorImpl.java:57)
	at sun.reflect.DelegatingConstructorAccessorImpl.newInstance(DelegatingConstructorAccessorImpl.java:45)
	at java.lang.reflect.Constructor.newInstance(Constructor.java:526)
	at org.openqa.selenium.remote.ErrorHandler.createThrowable(ErrorHandler.java:193)
	at org.openqa.selenium.remote.ErrorHandler.throwIfResponseFailed(ErrorHandler.java:145)
	at org.openqa.selenium.remote.RemoteWebDriver.execute(RemoteWebDriver.java:554)
	at org.openqa.selenium.remote.RemoteWebDriver.get(RemoteWebDriver.java:276)
	at org.openqa.selenium.remote.RemoteWebDriver$RemoteNavigation.to(RemoteWebDriver.java:800)
	at com.pearson.piltg.ngmelII.common.Common.logoutFromTheApplication(Common.java:196)
	at com.pearson.piltg.ngmelII.RegressionNMELIII.RumbaRegistration.registerInstructor(RumbaRegistration.java:132)
	at sun.reflect.NativeMethodAccessorImpl.invoke0(Native Method)
	at sun.reflect.NativeMethodAccessorImpl.invoke(NativeMethodAccessorImpl.java:57)
	at sun.reflect.DelegatingMethodAccessorImpl.invoke(DelegatingMethodAccessorImpl.java:43)
	at java.lang.reflect.Method.invoke(Method.java:606)
	at org.testng.internal.MethodHelper.invokeMethod(MethodHelper.java:580)
	at org.testng.internal.Invoker.invokeMethod(Invoker.java:478)
	at org.testng.internal.Invoker.invokeTestMethod(Invoker.java:607)
	at org.testng.internal.Invoker.invokeTestMethods(Invoker.java:874)
	at org.testng.internal.TestMethodWorker.invokeTestMethods(TestMethodWorker.java:125)
	at org.testng.internal.TestMethodWorker.run(TestMethodWorker.java:109)
	at org.testng.TestRunner.runWorkers(TestRunner.java:689)
	at org.testng.TestRunner.privateRun(TestRunner.java:566)
	at org.testng.TestRunner.run(TestRunner.java:466)
	at org.testng.SuiteRunner.runTest(SuiteRunner.java:301)
	at org.testng.SuiteRunner.runSequentially(SuiteRunner.java:296)
	at org.testng.SuiteRunner.privateRun(SuiteRunner.java:276)
	at org.testng.SuiteRunner.run(SuiteRunner.java:191)
	at org.testng.TestNG.createAndRunSuiteRunners(TestNG.java:808)
	at org.testng.TestNG.runSuitesLocally(TestNG.java:776)
	at org.testng.TestNG.run(TestNG.java:701)
	at org.apache.maven.surefire.testng.TestNGExecutor.run(TestNGExecutor.java:74)
	at org.apache.maven.surefire.testng.TestNGXmlTestSuite.execute(TestNGXmlTestSuite.java:92)
	at org.apache.maven.surefire.Surefire.run(Surefire.java:180)
	at sun.reflect.NativeMethodAccessorImpl.invoke0(Native Method)
	at sun.reflect.NativeMethodAccessorImpl.invoke(NativeMethodAccessorImpl.java:57)
	at sun.reflect.DelegatingMethodAccessorImpl.invoke(DelegatingMethodAccessorImpl.java:43)
	at java.lang.reflect.Method.invoke(Method.java:606)
	at org.apache.maven.surefire.booter.SurefireBooter.runSuitesInProcess(SurefireBooter.java:350)
	at org.apache.maven.surefire.booter.SurefireBooter.main(SurefireBooter.java:1021)
</system-err>
  </testcase>
  <testcase time="404.18" classname="com.pearson.piltg.ngmelII.RegressionNMELIII.RumbaRegistration" name="registerInstructor"/>
  <testcase time="404.181" classname="com.pearson.piltg.ngmelII.RegressionNMELIII.RumbaRegistration" name="setUp">
    <skipped/>
  </testcase>
  <testcase time="0" classname="com.pearson.piltg.ngmelII.RegressionNMELIII.RumbaRegistration" name="tearDown">
    <skipped/>
  </testcase>
  <testcase time="0" classname="com.pearson.piltg.ngmelII.RegressionNMELIII.RumbaRegistration" name="registerCandidateStudent">
    <skipped/>
  </testcase>
  <testcase time="0.001" classname="com.pearson.piltg.ngmelII.RegressionNMELIII.RumbaRegistration" name="settingsPersonalProfile">
    <skipped/>
  </testcase>
  <testcase time="0.001" classname="com.pearson.piltg.ngmelII.RegressionNMELIII.RumbaRegistration" name="registerCandidateStudentSelfStudy">
    <skipped/>
  </testcase>
</testsuite>