<?xml version="1.0" encoding="UTF-8" ?>
<testsuite failures="0" time="2,334.836" errors="0" skipped="0" tests="4" name="TestSuite">
  <properties>
    <property name="java.runtime.name" value="Java(TM) SE Runtime Environment"/>
    <property name="sun.boot.library.path" value="C:\Program Files\Java\jdk1.7.0_51\jre\bin"/>
    <property name="java.vm.version" value="24.51-b03"/>
    <property name="java.vm.vendor" value="Oracle Corporation"/>
    <property name="java.vendor.url" value="http://java.oracle.com/"/>
    <property name="path.separator" value=";"/>
    <property name="java.vm.name" value="Java HotSpot(TM) 64-Bit Server VM"/>
    <property name="file.encoding.pkg" value="sun.io"/>
    <property name="user.script" value=""/>
    <property name="user.country" value="US"/>
    <property name="sun.java.launcher" value="SUN_STANDARD"/>
    <property name="sun.os.patch.level" value=""/>
    <property name="java.vm.specification.name" value="Java Virtual Machine Specification"/>
    <property name="user.dir" value="C:\Users\ubasaja\workspace\trunk"/>
    <property name="java.runtime.version" value="1.7.0_51-b13"/>
    <property name="java.awt.graphicsenv" value="sun.awt.Win32GraphicsEnvironment"/>
    <property name="basedir" value="C:\Users\ubasaja\workspace\trunk"/>
    <property name="java.endorsed.dirs" value="C:\Program Files\Java\jdk1.7.0_51\jre\lib\endorsed"/>
    <property name="os.arch" value="amd64"/>
    <property name="surefire.real.class.path" value="C:\Users\ubasaja\AppData\Local\Temp\surefirebooter4028729844155254278.jar"/>
    <property name="java.io.tmpdir" value="C:\Users\ubasaja\AppData\Local\Temp\"/>
    <property name="line.separator" value="
"/>
    <property name="java.vm.specification.vendor" value="Oracle Corporation"/>
    <property name="user.variant" value=""/>
    <property name="os.name" value="Windows 8"/>
    <property name="sun.jnu.encoding" value="Cp1252"/>
    <property name="java.library.path" value="C:\Program Files\Java\jdk1.7.0_51\jre\bin;C:\WINDOWS\Sun\Java\bin;C:\WINDOWS\system32;C:\WINDOWS;C:\Program Files (x86)\Intel\iCLS Client\;C:\Program Files\Intel\iCLS Client\;C:\WINDOWS\system32;C:\WINDOWS;C:\WINDOWS\System32\Wbem;C:\WINDOWS\System32\WindowsPowerShell\v1.0\;C:\Program Files (x86)\Intel\OpenCL SDK\3.0\bin\x86;C:\Program Files (x86)\Intel\OpenCL SDK\3.0\bin\x64;C:\Program Files\Intel\Intel(R) Management Engine Components\DAL;C:\Program Files\Intel\Intel(R) Management Engine Components\IPT;C:\Program Files (x86)\Intel\Intel(R) Management Engine Components\DAL;C:\Program Files (x86)\Intel\Intel(R) Management Engine Components\IPT;C:\Program Files\Microsoft SQL Server\110\DTS\Binn\;C:\Program Files (x86)\Microsoft SQL Server\110\Tools\Binn\;C:\Program Files\Microsoft SQL Server\110\Tools\Binn\;C:\Program Files (x86)\Microsoft SQL Server\110\Tools\Binn\ManagementStudio\;C:\Program Files (x86)\Microsoft Visual Studio 10.0\Common7\IDE\PrivateAssemblies\;C:\Program Files (x86)\Microsoft SQL Server\110\DTS\Binn\;C:\selenium\Project\apache-ant-1.9.3\bin;C:\selenium\maven\apache-maven-3.1.1\bin;C:\Program Files (x86)\Google\Google Apps Migration\;."/>
    <property name="surefire.test.class.path" value="C:\Users\ubasaja\workspace\trunk\target\test-classes;C:\Users\ubasaja\workspace\trunk\target\classes;C:\Users\ubasaja\.m2\repository\com\sun\tools\btrace\btrace-agent\1.2\btrace-agent-1.2.jar;C:\Users\ubasaja\.m2\repository\org\seleniumhq\selenium\client-drivers\selenium-java-client-driver\1.0.2\selenium-java-client-driver-1.0.2.jar;C:\Users\ubasaja\.m2\repository\org\seleniumhq\selenium\selenium-server\2.39.0\selenium-server-2.39.0.jar;C:\Users\ubasaja\.m2\repository\org\bouncycastle\bcprov-jdk15on\1.48\bcprov-jdk15on-1.48.jar;C:\Users\ubasaja\.m2\repository\org\bouncycastle\bcpkix-jdk15on\1.48\bcpkix-jdk15on-1.48.jar;C:\Users\ubasaja\.m2\repository\mx4j\mx4j-tools\3.0.1\mx4j-tools-3.0.1.jar;C:\Users\ubasaja\.m2\repository\org\mortbay\jetty\servlet-api-2.5\6.1.9\servlet-api-2.5-6.1.9.jar;C:\Users\ubasaja\.m2\repository\org\seleniumhq\selenium\jetty-repacked\7.6.1\jetty-repacked-7.6.1.jar;C:\Users\ubasaja\.m2\repository\net\jcip\jcip-annotations\1.0\jcip-annotations-1.0.jar;C:\Users\ubasaja\.m2\repository\org\seleniumhq\selenium\selenium-java\2.39.0\selenium-java-2.39.0.jar;C:\Users\ubasaja\.m2\repository\org\seleniumhq\selenium\selenium-android-driver\2.39.0\selenium-android-driver-2.39.0.jar;C:\Users\ubasaja\.m2\repository\org\seleniumhq\selenium\selenium-remote-driver\2.39.0\selenium-remote-driver-2.39.0.jar;C:\Users\ubasaja\.m2\repository\cglib\cglib-nodep\2.1_3\cglib-nodep-2.1_3.jar;C:\Users\ubasaja\.m2\repository\org\json\json\20080701\json-20080701.jar;C:\Users\ubasaja\.m2\repository\com\google\guava\guava\15.0\guava-15.0.jar;C:\Users\ubasaja\.m2\repository\org\seleniumhq\selenium\selenium-chrome-driver\2.39.0\selenium-chrome-driver-2.39.0.jar;C:\Users\ubasaja\.m2\repository\org\seleniumhq\selenium\selenium-htmlunit-driver\2.39.0\selenium-htmlunit-driver-2.39.0.jar;C:\Users\ubasaja\.m2\repository\net\sourceforge\htmlunit\htmlunit\2.13\htmlunit-2.13.jar;C:\Users\ubasaja\.m2\repository\org\apache\commons\commons-lang3\3.1\commons-lang3-3.1.jar;C:\Users\ubasaja\.m2\repository\org\apache\httpcomponents\httpmime\4.3.1\httpmime-4.3.1.jar;C:\Users\ubasaja\.m2\repository\net\sourceforge\htmlunit\htmlunit-core-js\2.13\htmlunit-core-js-2.13.jar;C:\Users\ubasaja\.m2\repository\net\sourceforge\nekohtml\nekohtml\1.9.19\nekohtml-1.9.19.jar;C:\Users\ubasaja\.m2\repository\net\sourceforge\cssparser\cssparser\0.9.11\cssparser-0.9.11.jar;C:\Users\ubasaja\.m2\repository\org\w3c\css\sac\1.3\sac-1.3.jar;C:\Users\ubasaja\.m2\repository\org\eclipse\jetty\jetty-websocket\8.1.12.v20130726\jetty-websocket-8.1.12.v20130726.jar;C:\Users\ubasaja\.m2\repository\org\eclipse\jetty\jetty-util\8.1.12.v20130726\jetty-util-8.1.12.v20130726.jar;C:\Users\ubasaja\.m2\repository\org\eclipse\jetty\jetty-io\8.1.12.v20130726\jetty-io-8.1.12.v20130726.jar;C:\Users\ubasaja\.m2\repository\org\eclipse\jetty\jetty-http\8.1.12.v20130726\jetty-http-8.1.12.v20130726.jar;C:\Users\ubasaja\.m2\repository\org\apache\httpcomponents\httpclient\4.3.1\httpclient-4.3.1.jar;C:\Users\ubasaja\.m2\repository\org\apache\httpcomponents\httpcore\4.3\httpcore-4.3.jar;C:\Users\ubasaja\.m2\repository\org\seleniumhq\selenium\selenium-firefox-driver\2.39.0\selenium-firefox-driver-2.39.0.jar;C:\Users\ubasaja\.m2\repository\commons-io\commons-io\2.2\commons-io-2.2.jar;C:\Users\ubasaja\.m2\repository\org\apache\commons\commons-exec\1.1\commons-exec-1.1.jar;C:\Users\ubasaja\.m2\repository\org\seleniumhq\selenium\selenium-ie-driver\2.39.0\selenium-ie-driver-2.39.0.jar;C:\Users\ubasaja\.m2\repository\net\java\dev\jna\jna\3.4.0\jna-3.4.0.jar;C:\Users\ubasaja\.m2\repository\net\java\dev\jna\platform\3.4.0\platform-3.4.0.jar;C:\Users\ubasaja\.m2\repository\org\seleniumhq\selenium\selenium-iphone-driver\2.39.0\selenium-iphone-driver-2.39.0.jar;C:\Users\ubasaja\.m2\repository\org\seleniumhq\selenium\selenium-safari-driver\2.39.0\selenium-safari-driver-2.39.0.jar;C:\Users\ubasaja\.m2\repository\org\seleniumhq\selenium\selenium-support\2.39.0\selenium-support-2.39.0.jar;C:\Users\ubasaja\.m2\repository\org\seleniumhq\selenium\selenium-api\2.39.0\selenium-api-2.39.0.jar;C:\Users\ubasaja\.m2\repository\org\webbitserver\webbit\0.4.14\webbit-0.4.14.jar;C:\Users\ubasaja\.m2\repository\io\netty\netty\3.5.2.Final\netty-3.5.2.Final.jar;C:\Users\ubasaja\.m2\repository\org\yaml\snakeyaml\1.8\snakeyaml-1.8.jar;C:\Users\ubasaja\.m2\repository\commons-codec\commons-codec\1.8\commons-codec-1.8.jar;C:\Users\ubasaja\.m2\repository\org\testng\testng\6.4\testng-6.4.jar;C:\Users\ubasaja\.m2\repository\org\beanshell\bsh\2.0b4\bsh-2.0b4.jar;C:\Users\ubasaja\.m2\repository\com\beust\jcommander\1.12\jcommander-1.12.jar;C:\Users\ubasaja\.m2\repository\org\uncommons\reportng\1.1.2\reportng-1.1.2.jar;C:\Users\ubasaja\.m2\repository\velocity\velocity\1.4\velocity-1.4.jar;C:\Users\ubasaja\.m2\repository\velocity\velocity-dep\1.4\velocity-dep-1.4.jar;C:\Users\ubasaja\.m2\repository\com\google\inject\guice\3.0\guice-3.0.jar;C:\Users\ubasaja\.m2\repository\javax\inject\javax.inject\1\javax.inject-1.jar;C:\Users\ubasaja\.m2\repository\aopalliance\aopalliance\1.0\aopalliance-1.0.jar;C:\Users\ubasaja\.m2\repository\junit\junit\4.8.1\junit-4.8.1.jar;C:\Users\ubasaja\.m2\repository\org\springframework\spring-aop\3.0.3.RELEASE\spring-aop-3.0.3.RELEASE.jar;C:\Users\ubasaja\.m2\repository\org\springframework\spring-asm\3.0.3.RELEASE\spring-asm-3.0.3.RELEASE.jar;C:\Users\ubasaja\.m2\repository\org\springframework\spring-beans\3.0.3.RELEASE\spring-beans-3.0.3.RELEASE.jar;C:\Users\ubasaja\.m2\repository\org\springframework\spring-context\3.0.3.RELEASE\spring-context-3.0.3.RELEASE.jar;C:\Users\ubasaja\.m2\repository\org\springframework\spring-context-support\3.0.3.RELEASE\spring-context-support-3.0.3.RELEASE.jar;C:\Users\ubasaja\.m2\repository\org\springframework\spring-core\3.0.3.RELEASE\spring-core-3.0.3.RELEASE.jar;C:\Users\ubasaja\.m2\repository\org\springframework\spring-expression\3.0.3.RELEASE\spring-expression-3.0.3.RELEASE.jar;C:\Users\ubasaja\.m2\repository\org\springframework\spring-test\3.0.3.RELEASE\spring-test-3.0.3.RELEASE.jar;C:\Users\ubasaja\.m2\repository\org\springframework\spring-tx\3.0.3.RELEASE\spring-tx-3.0.3.RELEASE.jar;C:\Users\ubasaja\.m2\repository\org\springframework\osgi\spring-osgi-core\1.1.2\spring-osgi-core-1.1.2.jar;C:\Users\ubasaja\.m2\repository\org\springframework\osgi\spring-osgi-io\1.1.2\spring-osgi-io-1.1.2.jar;C:\Users\ubasaja\.m2\repository\org\apache\velocity\velocity\1.6.3\velocity-1.6.3.jar;C:\Users\ubasaja\.m2\repository\commons-lang\commons-lang\2.4\commons-lang-2.4.jar;C:\Users\ubasaja\.m2\repository\oro\oro\2.0.8\oro-2.0.8.jar;C:\Users\ubasaja\.m2\repository\commons-logging\commons-logging\1.1.1\commons-logging-1.1.1.jar;C:\Users\ubasaja\.m2\repository\log4j\log4j\1.2.14\log4j-1.2.14.jar;C:\Users\ubasaja\.m2\repository\org\apache\commons\commons-email\1.2\commons-email-1.2.jar;C:\Users\ubasaja\.m2\repository\javax\activation\activation\1.1\activation-1.1.jar;C:\Users\ubasaja\.m2\repository\org\htmlparser\htmlparser\2.1\htmlparser-2.1.jar;C:\Users\ubasaja\.m2\repository\org\htmlparser\htmllexer\2.1\htmllexer-2.1.jar;C:\Users\ubasaja\.m2\repository\org\easytesting\fest-swing-testng\1.2.1\fest-swing-testng-1.2.1.jar;C:\Users\ubasaja\.m2\repository\org\testng\testng\5.7\testng-5.7-jdk15.jar;C:\Users\ubasaja\.m2\repository\org\easytesting\fest-swing\1.2.1\fest-swing-1.2.1.jar;C:\Users\ubasaja\.m2\repository\org\easytesting\fest-assert\1.2\fest-assert-1.2.jar;C:\Users\ubasaja\.m2\repository\org\easytesting\fest-reflect\1.2\fest-reflect-1.2.jar;C:\Users\ubasaja\.m2\repository\org\easytesting\fest-util\1.1.3\fest-util-1.1.3.jar;C:\Users\ubasaja\.m2\repository\javax\mail\mail\1.4.5\mail-1.4.5.jar;C:\Users\ubasaja\.m2\repository\org\springframework\spring\2.5.6.SEC03\spring-2.5.6.SEC03.jar;C:\Users\ubasaja\.m2\repository\org\quartz-scheduler\quartz\2.1.3\quartz-2.1.3.jar;C:\Users\ubasaja\.m2\repository\c3p0\c3p0\0.9.1.1\c3p0-0.9.1.1.jar;C:\Users\ubasaja\.m2\repository\org\slf4j\slf4j-api\1.6.1\slf4j-api-1.6.1.jar;C:\Users\ubasaja\.m2\repository\org\slf4j\slf4j-simple\1.6.4\slf4j-simple-1.6.4.jar;C:\Users\ubasaja\.m2\repository\commons-collections\commons-collections\3.2.1\commons-collections-3.2.1.jar;C:\Users\ubasaja\.m2\repository\org\apache\poi\poi\3.9\poi-3.9.jar;C:\Users\ubasaja\.m2\repository\maven\dom4j\1.7-20060614\dom4j-1.7-20060614.jar;C:\Users\ubasaja\.m2\repository\jaxme\jaxme-api\0.3\jaxme-api-0.3.jar;C:\Users\ubasaja\.m2\repository\jaxen\jaxen\1.1-beta-8\jaxen-1.1-beta-8.jar;C:\Users\ubasaja\.m2\repository\dom4j\dom4j\1.6.1\dom4j-1.6.1.jar;C:\Users\ubasaja\.m2\repository\xml-apis\xml-apis\1.0.b2\xml-apis-1.0.b2.jar;C:\Users\ubasaja\.m2\repository\jdom\jdom\1.0\jdom-1.0.jar;C:\Users\ubasaja\.m2\repository\xerces\xmlParserAPIs\2.6.2\xmlParserAPIs-2.6.2.jar;C:\Users\ubasaja\.m2\repository\xerces\xercesImpl\2.6.2\xercesImpl-2.6.2.jar;C:\Users\ubasaja\.m2\repository\xom\xom\1.0b3\xom-1.0b3.jar;C:\Users\ubasaja\.m2\repository\com\ibm\icu\icu4j\2.6.1\icu4j-2.6.1.jar;C:\Users\ubasaja\.m2\repository\xalan\xalan\2.6.0\xalan-2.6.0.jar;C:\Users\ubasaja\.m2\repository\org\ccil\cowan\tagsoup\tagsoup\0.9.7\tagsoup-0.9.7.jar;C:\Users\ubasaja\.m2\repository\msv\xsdlib\20030807\xsdlib-20030807.jar;C:\Users\ubasaja\.m2\repository\msv\relaxngDatatype\20030807\relaxngDatatype-20030807.jar;C:\Users\ubasaja\.m2\repository\pull-parser\pull-parser\2.1.10\pull-parser-2.1.10.jar;C:\Users\ubasaja\.m2\repository\xpp3\xpp3\1.1.3.3\xpp3-1.1.3.3.jar;C:\Users\ubasaja\.m2\repository\stax\stax-api\1.0\stax-api-1.0.jar;C:\Users\ubasaja\.m2\repository\junitperf\junitperf\1.8\junitperf-1.8.jar;C:\Users\ubasaja\.m2\repository\net\sourceforge\jexcelapi\jxl\2.6.12\jxl-2.6.12.jar;C:\Users\ubasaja\.m2\repository\com\thoughtworks\xstream\xstream\1.2.2\xstream-1.2.2.jar;C:\Users\ubasaja\.m2\repository\xpp3\xpp3_min\1.1.3.4.O\xpp3_min-1.1.3.4.O.jar;"/>
    <property name="sun.awt.enableExtraMouseButtons" value="true"/>
    <property name="java.specification.name" value="Java Platform API Specification"/>
    <property name="java.class.version" value="51.0"/>
    <property name="sun.management.compiler" value="HotSpot 64-Bit Tiered Compilers"/>
    <property name="os.version" value="6.2"/>
    <property name="user.home" value="C:\Users\ubasaja"/>
    <property name="user.timezone" value="America/Los_Angeles"/>
    <property name="java.awt.printerjob" value="sun.awt.windows.WPrinterJob"/>
    <property name="java.specification.version" value="1.7"/>
    <property name="file.encoding" value="Cp1252"/>
    <property name="user.name" value="UBASAJA"/>
    <property name="java.class.path" value="C:\Users\ubasaja\workspace\trunk\target\test-classes;C:\Users\ubasaja\workspace\trunk\target\classes;C:\Users\ubasaja\.m2\repository\com\sun\tools\btrace\btrace-agent\1.2\btrace-agent-1.2.jar;C:\Users\ubasaja\.m2\repository\org\seleniumhq\selenium\client-drivers\selenium-java-client-driver\1.0.2\selenium-java-client-driver-1.0.2.jar;C:\Users\ubasaja\.m2\repository\org\seleniumhq\selenium\selenium-server\2.39.0\selenium-server-2.39.0.jar;C:\Users\ubasaja\.m2\repository\org\bouncycastle\bcprov-jdk15on\1.48\bcprov-jdk15on-1.48.jar;C:\Users\ubasaja\.m2\repository\org\bouncycastle\bcpkix-jdk15on\1.48\bcpkix-jdk15on-1.48.jar;C:\Users\ubasaja\.m2\repository\mx4j\mx4j-tools\3.0.1\mx4j-tools-3.0.1.jar;C:\Users\ubasaja\.m2\repository\org\mortbay\jetty\servlet-api-2.5\6.1.9\servlet-api-2.5-6.1.9.jar;C:\Users\ubasaja\.m2\repository\org\seleniumhq\selenium\jetty-repacked\7.6.1\jetty-repacked-7.6.1.jar;C:\Users\ubasaja\.m2\repository\net\jcip\jcip-annotations\1.0\jcip-annotations-1.0.jar;C:\Users\ubasaja\.m2\repository\org\seleniumhq\selenium\selenium-java\2.39.0\selenium-java-2.39.0.jar;C:\Users\ubasaja\.m2\repository\org\seleniumhq\selenium\selenium-android-driver\2.39.0\selenium-android-driver-2.39.0.jar;C:\Users\ubasaja\.m2\repository\org\seleniumhq\selenium\selenium-remote-driver\2.39.0\selenium-remote-driver-2.39.0.jar;C:\Users\ubasaja\.m2\repository\cglib\cglib-nodep\2.1_3\cglib-nodep-2.1_3.jar;C:\Users\ubasaja\.m2\repository\org\json\json\20080701\json-20080701.jar;C:\Users\ubasaja\.m2\repository\com\google\guava\guava\15.0\guava-15.0.jar;C:\Users\ubasaja\.m2\repository\org\seleniumhq\selenium\selenium-chrome-driver\2.39.0\selenium-chrome-driver-2.39.0.jar;C:\Users\ubasaja\.m2\repository\org\seleniumhq\selenium\selenium-htmlunit-driver\2.39.0\selenium-htmlunit-driver-2.39.0.jar;C:\Users\ubasaja\.m2\repository\net\sourceforge\htmlunit\htmlunit\2.13\htmlunit-2.13.jar;C:\Users\ubasaja\.m2\repository\org\apache\commons\commons-lang3\3.1\commons-lang3-3.1.jar;C:\Users\ubasaja\.m2\repository\org\apache\httpcomponents\httpmime\4.3.1\httpmime-4.3.1.jar;C:\Users\ubasaja\.m2\repository\net\sourceforge\htmlunit\htmlunit-core-js\2.13\htmlunit-core-js-2.13.jar;C:\Users\ubasaja\.m2\repository\net\sourceforge\nekohtml\nekohtml\1.9.19\nekohtml-1.9.19.jar;C:\Users\ubasaja\.m2\repository\net\sourceforge\cssparser\cssparser\0.9.11\cssparser-0.9.11.jar;C:\Users\ubasaja\.m2\repository\org\w3c\css\sac\1.3\sac-1.3.jar;C:\Users\ubasaja\.m2\repository\org\eclipse\jetty\jetty-websocket\8.1.12.v20130726\jetty-websocket-8.1.12.v20130726.jar;C:\Users\ubasaja\.m2\repository\org\eclipse\jetty\jetty-util\8.1.12.v20130726\jetty-util-8.1.12.v20130726.jar;C:\Users\ubasaja\.m2\repository\org\eclipse\jetty\jetty-io\8.1.12.v20130726\jetty-io-8.1.12.v20130726.jar;C:\Users\ubasaja\.m2\repository\org\eclipse\jetty\jetty-http\8.1.12.v20130726\jetty-http-8.1.12.v20130726.jar;C:\Users\ubasaja\.m2\repository\org\apache\httpcomponents\httpclient\4.3.1\httpclient-4.3.1.jar;C:\Users\ubasaja\.m2\repository\org\apache\httpcomponents\httpcore\4.3\httpcore-4.3.jar;C:\Users\ubasaja\.m2\repository\org\seleniumhq\selenium\selenium-firefox-driver\2.39.0\selenium-firefox-driver-2.39.0.jar;C:\Users\ubasaja\.m2\repository\commons-io\commons-io\2.2\commons-io-2.2.jar;C:\Users\ubasaja\.m2\repository\org\apache\commons\commons-exec\1.1\commons-exec-1.1.jar;C:\Users\ubasaja\.m2\repository\org\seleniumhq\selenium\selenium-ie-driver\2.39.0\selenium-ie-driver-2.39.0.jar;C:\Users\ubasaja\.m2\repository\net\java\dev\jna\jna\3.4.0\jna-3.4.0.jar;C:\Users\ubasaja\.m2\repository\net\java\dev\jna\platform\3.4.0\platform-3.4.0.jar;C:\Users\ubasaja\.m2\repository\org\seleniumhq\selenium\selenium-iphone-driver\2.39.0\selenium-iphone-driver-2.39.0.jar;C:\Users\ubasaja\.m2\repository\org\seleniumhq\selenium\selenium-safari-driver\2.39.0\selenium-safari-driver-2.39.0.jar;C:\Users\ubasaja\.m2\repository\org\seleniumhq\selenium\selenium-support\2.39.0\selenium-support-2.39.0.jar;C:\Users\ubasaja\.m2\repository\org\seleniumhq\selenium\selenium-api\2.39.0\selenium-api-2.39.0.jar;C:\Users\ubasaja\.m2\repository\org\webbitserver\webbit\0.4.14\webbit-0.4.14.jar;C:\Users\ubasaja\.m2\repository\io\netty\netty\3.5.2.Final\netty-3.5.2.Final.jar;C:\Users\ubasaja\.m2\repository\org\yaml\snakeyaml\1.8\snakeyaml-1.8.jar;C:\Users\ubasaja\.m2\repository\commons-codec\commons-codec\1.8\commons-codec-1.8.jar;C:\Users\ubasaja\.m2\repository\org\testng\testng\6.4\testng-6.4.jar;C:\Users\ubasaja\.m2\repository\org\beanshell\bsh\2.0b4\bsh-2.0b4.jar;C:\Users\ubasaja\.m2\repository\com\beust\jcommander\1.12\jcommander-1.12.jar;C:\Users\ubasaja\.m2\repository\org\uncommons\reportng\1.1.2\reportng-1.1.2.jar;C:\Users\ubasaja\.m2\repository\velocity\velocity\1.4\velocity-1.4.jar;C:\Users\ubasaja\.m2\repository\velocity\velocity-dep\1.4\velocity-dep-1.4.jar;C:\Users\ubasaja\.m2\repository\com\google\inject\guice\3.0\guice-3.0.jar;C:\Users\ubasaja\.m2\repository\javax\inject\javax.inject\1\javax.inject-1.jar;C:\Users\ubasaja\.m2\repository\aopalliance\aopalliance\1.0\aopalliance-1.0.jar;C:\Users\ubasaja\.m2\repository\junit\junit\4.8.1\junit-4.8.1.jar;C:\Users\ubasaja\.m2\repository\org\springframework\spring-aop\3.0.3.RELEASE\spring-aop-3.0.3.RELEASE.jar;C:\Users\ubasaja\.m2\repository\org\springframework\spring-asm\3.0.3.RELEASE\spring-asm-3.0.3.RELEASE.jar;C:\Users\ubasaja\.m2\repository\org\springframework\spring-beans\3.0.3.RELEASE\spring-beans-3.0.3.RELEASE.jar;C:\Users\ubasaja\.m2\repository\org\springframework\spring-context\3.0.3.RELEASE\spring-context-3.0.3.RELEASE.jar;C:\Users\ubasaja\.m2\repository\org\springframework\spring-context-support\3.0.3.RELEASE\spring-context-support-3.0.3.RELEASE.jar;C:\Users\ubasaja\.m2\repository\org\springframework\spring-core\3.0.3.RELEASE\spring-core-3.0.3.RELEASE.jar;C:\Users\ubasaja\.m2\repository\org\springframework\spring-expression\3.0.3.RELEASE\spring-expression-3.0.3.RELEASE.jar;C:\Users\ubasaja\.m2\repository\org\springframework\spring-test\3.0.3.RELEASE\spring-test-3.0.3.RELEASE.jar;C:\Users\ubasaja\.m2\repository\org\springframework\spring-tx\3.0.3.RELEASE\spring-tx-3.0.3.RELEASE.jar;C:\Users\ubasaja\.m2\repository\org\springframework\osgi\spring-osgi-core\1.1.2\spring-osgi-core-1.1.2.jar;C:\Users\ubasaja\.m2\repository\org\springframework\osgi\spring-osgi-io\1.1.2\spring-osgi-io-1.1.2.jar;C:\Users\ubasaja\.m2\repository\org\apache\velocity\velocity\1.6.3\velocity-1.6.3.jar;C:\Users\ubasaja\.m2\repository\commons-lang\commons-lang\2.4\commons-lang-2.4.jar;C:\Users\ubasaja\.m2\repository\oro\oro\2.0.8\oro-2.0.8.jar;C:\Users\ubasaja\.m2\repository\commons-logging\commons-logging\1.1.1\commons-logging-1.1.1.jar;C:\Users\ubasaja\.m2\repository\log4j\log4j\1.2.14\log4j-1.2.14.jar;C:\Users\ubasaja\.m2\repository\org\apache\commons\commons-email\1.2\commons-email-1.2.jar;C:\Users\ubasaja\.m2\repository\javax\activation\activation\1.1\activation-1.1.jar;C:\Users\ubasaja\.m2\repository\org\htmlparser\htmlparser\2.1\htmlparser-2.1.jar;C:\Users\ubasaja\.m2\repository\org\htmlparser\htmllexer\2.1\htmllexer-2.1.jar;C:\Users\ubasaja\.m2\repository\org\easytesting\fest-swing-testng\1.2.1\fest-swing-testng-1.2.1.jar;C:\Users\ubasaja\.m2\repository\org\testng\testng\5.7\testng-5.7-jdk15.jar;C:\Users\ubasaja\.m2\repository\org\easytesting\fest-swing\1.2.1\fest-swing-1.2.1.jar;C:\Users\ubasaja\.m2\repository\org\easytesting\fest-assert\1.2\fest-assert-1.2.jar;C:\Users\ubasaja\.m2\repository\org\easytesting\fest-reflect\1.2\fest-reflect-1.2.jar;C:\Users\ubasaja\.m2\repository\org\easytesting\fest-util\1.1.3\fest-util-1.1.3.jar;C:\Users\ubasaja\.m2\repository\javax\mail\mail\1.4.5\mail-1.4.5.jar;C:\Users\ubasaja\.m2\repository\org\springframework\spring\2.5.6.SEC03\spring-2.5.6.SEC03.jar;C:\Users\ubasaja\.m2\repository\org\quartz-scheduler\quartz\2.1.3\quartz-2.1.3.jar;C:\Users\ubasaja\.m2\repository\c3p0\c3p0\0.9.1.1\c3p0-0.9.1.1.jar;C:\Users\ubasaja\.m2\repository\org\slf4j\slf4j-api\1.6.1\slf4j-api-1.6.1.jar;C:\Users\ubasaja\.m2\repository\org\slf4j\slf4j-simple\1.6.4\slf4j-simple-1.6.4.jar;C:\Users\ubasaja\.m2\repository\commons-collections\commons-collections\3.2.1\commons-collections-3.2.1.jar;C:\Users\ubasaja\.m2\repository\org\apache\poi\poi\3.9\poi-3.9.jar;C:\Users\ubasaja\.m2\repository\maven\dom4j\1.7-20060614\dom4j-1.7-20060614.jar;C:\Users\ubasaja\.m2\repository\jaxme\jaxme-api\0.3\jaxme-api-0.3.jar;C:\Users\ubasaja\.m2\repository\jaxen\jaxen\1.1-beta-8\jaxen-1.1-beta-8.jar;C:\Users\ubasaja\.m2\repository\dom4j\dom4j\1.6.1\dom4j-1.6.1.jar;C:\Users\ubasaja\.m2\repository\xml-apis\xml-apis\1.0.b2\xml-apis-1.0.b2.jar;C:\Users\ubasaja\.m2\repository\jdom\jdom\1.0\jdom-1.0.jar;C:\Users\ubasaja\.m2\repository\xerces\xmlParserAPIs\2.6.2\xmlParserAPIs-2.6.2.jar;C:\Users\ubasaja\.m2\repository\xerces\xercesImpl\2.6.2\xercesImpl-2.6.2.jar;C:\Users\ubasaja\.m2\repository\xom\xom\1.0b3\xom-1.0b3.jar;C:\Users\ubasaja\.m2\repository\com\ibm\icu\icu4j\2.6.1\icu4j-2.6.1.jar;C:\Users\ubasaja\.m2\repository\xalan\xalan\2.6.0\xalan-2.6.0.jar;C:\Users\ubasaja\.m2\repository\org\ccil\cowan\tagsoup\tagsoup\0.9.7\tagsoup-0.9.7.jar;C:\Users\ubasaja\.m2\repository\msv\xsdlib\20030807\xsdlib-20030807.jar;C:\Users\ubasaja\.m2\repository\msv\relaxngDatatype\20030807\relaxngDatatype-20030807.jar;C:\Users\ubasaja\.m2\repository\pull-parser\pull-parser\2.1.10\pull-parser-2.1.10.jar;C:\Users\ubasaja\.m2\repository\xpp3\xpp3\1.1.3.3\xpp3-1.1.3.3.jar;C:\Users\ubasaja\.m2\repository\stax\stax-api\1.0\stax-api-1.0.jar;C:\Users\ubasaja\.m2\repository\junitperf\junitperf\1.8\junitperf-1.8.jar;C:\Users\ubasaja\.m2\repository\net\sourceforge\jexcelapi\jxl\2.6.12\jxl-2.6.12.jar;C:\Users\ubasaja\.m2\repository\com\thoughtworks\xstream\xstream\1.2.2\xstream-1.2.2.jar;C:\Users\ubasaja\.m2\repository\xpp3\xpp3_min\1.1.3.4.O\xpp3_min-1.1.3.4.O.jar;"/>
    <property name="java.vm.specification.version" value="1.7"/>
    <property name="sun.arch.data.model" value="64"/>
    <property name="java.home" value="C:\Program Files\Java\jdk1.7.0_51\jre"/>
    <property name="sun.java.command" value="C:\Users\ubasaja\AppData\Local\Temp\surefirebooter4028729844155254278.jar C:\Users\ubasaja\AppData\Local\Temp\surefire1063615146939365468tmp C:\Users\ubasaja\AppData\Local\Temp\surefire5694939709963448270tmp"/>
    <property name="java.specification.vendor" value="Oracle Corporation"/>
    <property name="user.language" value="en"/>
    <property name="awt.toolkit" value="sun.awt.windows.WToolkit"/>
    <property name="java.vm.info" value="mixed mode"/>
    <property name="org.uncommons.reportng.stylesheet" value="src/test/resources/config/hudsonesque.css"/>
    <property name="java.version" value="1.7.0_51"/>
    <property name="java.ext.dirs" value="C:\Program Files\Java\jdk1.7.0_51\jre\lib\ext;C:\WINDOWS\Sun\Java\lib\ext"/>
    <property name="sun.boot.class.path" value="C:\Program Files\Java\jdk1.7.0_51\jre\lib\resources.jar;C:\Program Files\Java\jdk1.7.0_51\jre\lib\rt.jar;C:\Program Files\Java\jdk1.7.0_51\jre\lib\sunrsasign.jar;C:\Program Files\Java\jdk1.7.0_51\jre\lib\jsse.jar;C:\Program Files\Java\jdk1.7.0_51\jre\lib\jce.jar;C:\Program Files\Java\jdk1.7.0_51\jre\lib\charsets.jar;C:\Program Files\Java\jdk1.7.0_51\jre\lib\jfr.jar;C:\Program Files\Java\jdk1.7.0_51\jre\classes"/>
    <property name="webdriver.chrome.driver" value="src/test/resources/test/chromedriver.exe"/>
    <property name="java.vendor" value="Oracle Corporation"/>
    <property name="org.uncommons.reportng.escape-output" value="false"/>
    <property name="localRepository" value="C:\Users\ubasaja\.m2\repository"/>
    <property name="org.uncommons.reportng.title" value="NMEL Test Report"/>
    <property name="file.separator" value="\"/>
    <property name="java.vendor.url.bug" value="http://bugreport.sun.com/bugreport/"/>
    <property name="sun.cpu.endian" value="little"/>
    <property name="sun.io.unicode.encoding" value="UnicodeLittle"/>
    <property name="sun.desktop" value="windows"/>
    <property name="sun.cpu.isalist" value="amd64"/>
  </properties>
  <testcase time="1,075.697" classname="com.pearson.piltg.ngmelII.RegressionNMELIII.RumbaRegistration" name="registerInstructor"/>
  <testcase time="905.981" classname="com.pearson.piltg.ngmelII.RegressionNMELIII.RumbaRegistration" name="registerCandidateStudent"/>
  <testcase time="86.535" classname="com.pearson.piltg.ngmelII.RegressionNMELIII.RumbaRegistration" name="settingsPersonalProfile"/>
  <testcase time="239.518" classname="com.pearson.piltg.ngmelII.RegressionNMELIII.RumbaRegistration" name="registerCandidateStudentSelfStudy"/>
</testsuite>